"../../../Engine/Content/EditorResources/S_Actor.ubulk" 0
"../../../Engine/Content/EditorResources/S_Actor.uasset" 1
"../../../Engine/Content/EditorResources/S_Actor.uexp" 2
"../../../Engine/Content/EditorResources/S_BoxReflectionCapture.uasset" 3
"../../../Engine/Content/EditorResources/S_BoxReflectionCapture.uexp" 4
"../../../Engine/Content/EngineResources/DefaultTexture.ubulk" 5
"../../../Engine/Content/EngineResources/DefaultTexture.uasset" 6
"../../../Engine/Content/EngineResources/DefaultTexture.uexp" 7
"../../../Engine/Content/EngineResources/DefaultTextureCube.uasset" 8
"../../../Engine/Content/EngineResources/DefaultTextureCube.uexp" 9
"../../../Engine/Content/EngineResources/DefaultVolumeTexture2D.uasset" 10
"../../../Engine/Content/EngineResources/DefaultVolumeTexture2D.uexp" 11
"../../../Engine/Content/EngineResources/DefaultVolumeTexture.uasset" 12
"../../../Engine/Content/EngineResources/DefaultVolumeTexture.uexp" 13
"../../../Engine/Content/EditorResources/S_Trigger.ubulk" 14
"../../../Engine/Content/EditorResources/S_Trigger.uasset" 15
"../../../Engine/Content/EditorResources/S_Trigger.uexp" 16
"../../../Engine/Content/EditorResources/S_TriggerBox.uasset" 17
"../../../Engine/Content/EditorResources/S_TriggerBox.uexp" 18
"../../../Engine/Content/EditorResources/S_TriggerCapsule.uasset" 19
"../../../Engine/Content/EditorResources/S_TriggerCapsule.uexp" 20
"../../../Engine/Content/EditorResources/S_TriggerSphere.uasset" 21
"../../../Engine/Content/EditorResources/S_TriggerSphere.uexp" 22
"../../../Engine/Content/EngineMeshes/Sphere.ubulk" 23
"../../../Engine/Content/EngineMeshes/Sphere.uasset" 24
"../../../Engine/Content/EngineMeshes/Sphere.uexp" 25
"../../../Engine/Content/EngineResources/GradientTexture0.uasset" 26
"../../../Engine/Content/EngineResources/GradientTexture0.uexp" 27
"../../../Engine/Content/EngineResources/Black.uasset" 28
"../../../Engine/Content/EngineResources/Black.uexp" 29
"../../../Engine/Content/VREditor/LaserPointer/VR_LaserPower_01.ubulk" 30
"../../../Engine/Content/VREditor/LaserPointer/VR_LaserPower_01.uasset" 31
"../../../Engine/Content/VREditor/LaserPointer/VR_LaserPower_01.uexp" 32
"../../../Engine/Content/VREditor/TransformGizmo/TransformGizmoMaterial.uasset" 33
"../../../Engine/Content/VREditor/TransformGizmo/TransformGizmoMaterial.uexp" 34
"../../../Engine/Content/VREditor/TransformGizmo/TranslucentTransformGizmoMaterial.uasset" 35
"../../../Engine/Content/VREditor/TransformGizmo/TranslucentTransformGizmoMaterial.uexp" 36
"../../../Engine/Content/VREditor/TransformGizmo/PlaneTranslationHandle.ubulk" 37
"../../../Engine/Content/VREditor/TransformGizmo/PlaneTranslationHandle.uasset" 38
"../../../Engine/Content/VREditor/TransformGizmo/PlaneTranslationHandle.uexp" 39
"../../../Engine/Content/VREditor/TransformGizmo/BoundingBoxCorner.ubulk" 40
"../../../Engine/Content/VREditor/TransformGizmo/BoundingBoxCorner.uasset" 41
"../../../Engine/Content/VREditor/TransformGizmo/BoundingBoxCorner.uexp" 42
"../../../Engine/Content/VREditor/TransformGizmo/BoundingBoxEdge.ubulk" 43
"../../../Engine/Content/VREditor/TransformGizmo/BoundingBoxEdge.uasset" 44
"../../../Engine/Content/VREditor/TransformGizmo/BoundingBoxEdge.uexp" 45
"../../../Engine/Content/VREditor/TransformGizmo/Main.uasset" 46
"../../../Engine/Content/VREditor/TransformGizmo/Main.uexp" 47
"../../../Engine/Content/VREditor/TransformGizmo/Xray.uasset" 48
"../../../Engine/Content/VREditor/TransformGizmo/Xray.uexp" 49
"../../../Engine/Content/VREditor/TransformGizmo/SM_Sequencer_Node.ubulk" 50
"../../../Engine/Content/VREditor/TransformGizmo/SM_Sequencer_Node.uasset" 51
"../../../Engine/Content/VREditor/TransformGizmo/SM_Sequencer_Node.uexp" 52
"../../../Engine/Content/EditorMaterials/Camera/CineMat.uasset" 53
"../../../Engine/Content/EditorMaterials/Camera/CineMat.uexp" 54
"../../../Engine/Content/EditorMaterials/Camera/MI_CineMat_Rig.uasset" 55
"../../../Engine/Content/EditorMaterials/Camera/MI_CineMat_Rig.uexp" 56
"../../../Engine/Content/EditorMeshes/Camera/SM_CraneRig_Base.ubulk" 57
"../../../Engine/Content/EditorMeshes/Camera/SM_CraneRig_Base.uasset" 58
"../../../Engine/Content/EditorMeshes/Camera/SM_CraneRig_Base.uexp" 59
"../../../Engine/Content/EditorMeshes/Camera/SM_CraneRig_Arm.ubulk" 60
"../../../Engine/Content/EditorMeshes/Camera/SM_CraneRig_Arm.uasset" 61
"../../../Engine/Content/EditorMeshes/Camera/SM_CraneRig_Arm.uexp" 62
"../../../Engine/Content/EditorMeshes/Camera/SM_CraneRig_Mount.ubulk" 63
"../../../Engine/Content/EditorMeshes/Camera/SM_CraneRig_Mount.uasset" 64
"../../../Engine/Content/EditorMeshes/Camera/SM_CraneRig_Mount.uexp" 65
"../../../Engine/Content/EditorMeshes/Camera/SM_CraneRig_Body.ubulk" 66
"../../../Engine/Content/EditorMeshes/Camera/SM_CraneRig_Body.uasset" 67
"../../../Engine/Content/EditorMeshes/Camera/SM_CraneRig_Body.uexp" 68
"../../../Engine/Content/EditorMeshes/Camera/SM_RailRig_Track.ubulk" 69
"../../../Engine/Content/EditorMeshes/Camera/SM_RailRig_Track.uasset" 70
"../../../Engine/Content/EditorMeshes/Camera/SM_RailRig_Track.uexp" 71
"../../../Engine/Content/EditorMeshes/Camera/SM_RailRig_Mount.ubulk" 72
"../../../Engine/Content/EditorMeshes/Camera/SM_RailRig_Mount.uasset" 73
"../../../Engine/Content/EditorMeshes/Camera/SM_RailRig_Mount.uexp" 74
"../../../Engine/Content/EngineMaterials/T_Default_Material_Grid_M.ubulk" 75
"../../../Engine/Content/EngineMaterials/T_Default_Material_Grid_M.uasset" 76
"../../../Engine/Content/EngineMaterials/T_Default_Material_Grid_M.uexp" 77
"../../../Engine/Content/EngineMaterials/T_Default_Material_Grid_N.ubulk" 78
"../../../Engine/Content/EngineMaterials/T_Default_Material_Grid_N.uasset" 79
"../../../Engine/Content/EngineMaterials/T_Default_Material_Grid_N.uexp" 80
"../../../Engine/Content/Functions/Engine_MaterialFunctions01/Opacity/CameraDepthFade.uasset" 81
"../../../Engine/Content/Functions/Engine_MaterialFunctions01/Opacity/CameraDepthFade.uexp" 82
"../../../Engine/Content/EngineMaterials/WorldGridMaterial.uasset" 83
"../../../Engine/Content/EngineMaterials/WorldGridMaterial.uexp" 84
"../../../Engine/Content/ArtTools/RenderToTexture/Meshes/S_1_Unit_Plane.ubulk" 85
"../../../Engine/Content/ArtTools/RenderToTexture/Meshes/S_1_Unit_Plane.uasset" 86
"../../../Engine/Content/ArtTools/RenderToTexture/Meshes/S_1_Unit_Plane.uexp" 87
"../../../Engine/Content/EditorMaterials/ParticleSystems/PSysThumbnail_NoImage.ubulk" 88
"../../../Engine/Content/EditorMaterials/ParticleSystems/PSysThumbnail_NoImage.uasset" 89
"../../../Engine/Content/EditorMaterials/ParticleSystems/PSysThumbnail_NoImage.uexp" 90
"../../../Engine/Content/EditorMaterials/ParticleSystems/PSysThumbnail_OOD.ubulk" 91
"../../../Engine/Content/EditorMaterials/ParticleSystems/PSysThumbnail_OOD.uasset" 92
"../../../Engine/Content/EditorMaterials/ParticleSystems/PSysThumbnail_OOD.uexp" 93
"../../../Engine/Content/EditorLandscapeResources/SplineEditorMeshMat.uasset" 94
"../../../Engine/Content/EditorLandscapeResources/SplineEditorMeshMat.uexp" 95
"../../../Engine/Content/EditorLandscapeResources/SplineEditorMesh.ubulk" 96
"../../../Engine/Content/EditorLandscapeResources/SplineEditorMesh.uasset" 97
"../../../Engine/Content/EditorLandscapeResources/SplineEditorMesh.uexp" 98
"../../../Engine/Content/EditorResources/S_Solver.ubulk" 99
"../../../Engine/Content/EditorResources/S_Solver.uasset" 100
"../../../Engine/Content/EditorResources/S_Solver.uexp" 101
"../../../Engine/Plugins/Media/MediaPlate/Content/SM_MediaPlateScreen.ubulk" 102
"../../../Engine/Plugins/Media/MediaPlate/Content/SM_MediaPlateScreen.uasset" 103
"../../../Engine/Plugins/Media/MediaPlate/Content/SM_MediaPlateScreen.uexp" 104
"../../../Engine/Content/EngineMaterials/Good64x64TilingNoiseHighFreq.uasset" 105
"../../../Engine/Content/EngineMaterials/Good64x64TilingNoiseHighFreq.uexp" 106
"../../../Engine/Content/EngineMaterials/DefaultBokeh.uasset" 107
"../../../Engine/Content/EngineMaterials/DefaultBokeh.uexp" 108
"../../../Engine/Content/EngineMaterials/PreintegratedSkinBRDF.uasset" 109
"../../../Engine/Content/EngineMaterials/PreintegratedSkinBRDF.uexp" 110
"../../../Engine/Content/EngineMaterials/MiniFont.uasset" 111
"../../../Engine/Content/EngineMaterials/MiniFont.uexp" 112
"../../../Engine/Content/EngineMaterials/WeightMapPlaceholderTexture.uasset" 113
"../../../Engine/Content/EngineMaterials/WeightMapPlaceholderTexture.uexp" 114
"../../../Engine/Content/EngineMaterials/DefaultWhiteGrid.ubulk" 115
"../../../Engine/Content/EngineMaterials/DefaultWhiteGrid.uasset" 116
"../../../Engine/Content/EngineMaterials/DefaultWhiteGrid.uexp" 117
"../../../Engine/Plugins/2D/Paper2D/Content/PlaceholderTextures/DummySpriteTexture.ubulk" 118
"../../../Engine/Plugins/2D/Paper2D/Content/PlaceholderTextures/DummySpriteTexture.uasset" 119
"../../../Engine/Plugins/2D/Paper2D/Content/PlaceholderTextures/DummySpriteTexture.uexp" 120
"../../../Engine/Plugins/2D/Paper2D/Content/DefaultSpriteMaterial.uasset" 121
"../../../Engine/Plugins/2D/Paper2D/Content/DefaultSpriteMaterial.uexp" 122
"../../../Engine/Plugins/2D/Paper2D/Content/OpaqueUnlitSpriteMaterial.uasset" 123
"../../../Engine/Plugins/2D/Paper2D/Content/OpaqueUnlitSpriteMaterial.uexp" 124
"../../../Engine/Plugins/2D/Paper2D/Content/MaskedUnlitSpriteMaterial.uasset" 125
"../../../Engine/Plugins/2D/Paper2D/Content/MaskedUnlitSpriteMaterial.uexp" 126
"../../../Engine/Plugins/2D/Paper2D/Content/DummySprite.uasset" 127
"../../../Engine/Plugins/2D/Paper2D/Content/DummySprite.uexp" 128
"../../../Engine/Plugins/2D/Paper2D/Content/DefaultPaperTerrainMaterial.uasset" 129
"../../../Engine/Plugins/2D/Paper2D/Content/DefaultPaperTerrainMaterial.uexp" 130
"../../../Engine/Content/Functions/Engine_MaterialFunctions02/WorldPositionOffset/CameraOffset.uasset" 131
"../../../Engine/Content/Functions/Engine_MaterialFunctions02/WorldPositionOffset/CameraOffset.uexp" 132
"../../../Engine/Plugins/Animation/ControlRig/Content/M_Manip.uasset" 133
"../../../Engine/Plugins/Animation/ControlRig/Content/M_Manip.uexp" 134
"../../../Engine/Content/EditorLandscapeResources/DefaultAlphaTexture.uasset" 135
"../../../Engine/Content/EditorLandscapeResources/DefaultAlphaTexture.uexp" 136
"../../../Engine/Plugins/Runtime/MeshModelingToolset/Content/Materials/M_DynamicMeshComponentVtxColor.uasset" 137
"../../../Engine/Plugins/Runtime/MeshModelingToolset/Content/Materials/M_DynamicMeshComponentVtxColor.uexp" 138
"../../../Engine/Plugins/Interchange/Runtime/Content/Pipelines/DefaultTexturePipeline.uasset" 139
"../../../Engine/Plugins/Interchange/Runtime/Content/Pipelines/DefaultTexturePipeline.uexp" 140
"../../../Engine/Plugins/Interchange/Runtime/Content/Pipelines/DefaultSceneLevelPipeline.uasset" 141
"../../../Engine/Plugins/Interchange/Runtime/Content/Pipelines/DefaultSceneLevelPipeline.uexp" 142
"../../../Engine/Plugins/Interchange/Runtime/Content/Pipelines/DefaultSceneAssetsPipeline.uasset" 143
"../../../Engine/Plugins/Interchange/Runtime/Content/Pipelines/DefaultSceneAssetsPipeline.uexp" 144
"../../../Engine/Plugins/Interchange/Runtime/Content/Pipelines/DefaultMaterialPipeline.uasset" 145
"../../../Engine/Plugins/Interchange/Runtime/Content/Pipelines/DefaultMaterialPipeline.uexp" 146
"../../../Engine/Plugins/Interchange/Runtime/Content/Pipelines/DefaultAssetsPipeline.uasset" 147
"../../../Engine/Plugins/Interchange/Runtime/Content/Pipelines/DefaultAssetsPipeline.uexp" 148
"../../../Engine/Plugins/Editor/SpeedTreeImporter/Content/SpeedTree9/game_wind_noise.ubulk" 149
"../../../Engine/Plugins/Editor/SpeedTreeImporter/Content/SpeedTree9/game_wind_noise.uasset" 150
"../../../Engine/Plugins/Editor/SpeedTreeImporter/Content/SpeedTree9/game_wind_noise.uexp" 151
"../../../Engine/Plugins/Editor/SpeedTreeImporter/Content/SpeedTree9/UnpackDirection.uasset" 152
"../../../Engine/Plugins/Editor/SpeedTreeImporter/Content/SpeedTree9/UnpackDirection.uexp" 153
"../../../Engine/Content/Functions/Engine_MaterialFunctions02/ObjectLocalBounds.uasset" 154
"../../../Engine/Content/Functions/Engine_MaterialFunctions02/ObjectLocalBounds.uexp" 155
"../../../Engine/Content/Functions/Engine_MaterialFunctions02/Utility/BreakOutFloat3Components.uasset" 156
"../../../Engine/Content/Functions/Engine_MaterialFunctions02/Utility/BreakOutFloat3Components.uexp" 157
"../../../Engine/Content/Functions/Engine_MaterialFunctions02/UVs/BoundingBoxBased_0-1_UVW.uasset" 158
"../../../Engine/Content/Functions/Engine_MaterialFunctions02/UVs/BoundingBoxBased_0-1_UVW.uexp" 159
"../../../Engine/Content/Functions/Engine_MaterialFunctions02/Utility/VectorLength.uasset" 160
"../../../Engine/Content/Functions/Engine_MaterialFunctions02/Utility/VectorLength.uexp" 161
"../../../Engine/Plugins/Editor/SpeedTreeImporter/Content/SpeedTree9/UnpackInteger3.uasset" 162
"../../../Engine/Plugins/Editor/SpeedTreeImporter/Content/SpeedTree9/UnpackInteger3.uexp" 163
"../../../Engine/Plugins/Editor/SpeedTreeImporter/Content/SpeedTree9/SpeedTreeCameraFacing.uasset" 164
"../../../Engine/Plugins/Editor/SpeedTreeImporter/Content/SpeedTree9/SpeedTreeCameraFacing.uexp" 165
"../../../Engine/Content/Functions/Engine_MaterialFunctions02/WorldPositionOffset/ObjectScale.uasset" 166
"../../../Engine/Content/Functions/Engine_MaterialFunctions02/WorldPositionOffset/ObjectScale.uexp" 167
"../../../Engine/Content/Functions/Engine_MaterialFunctions02/SafeNormalize.uasset" 168
"../../../Engine/Content/Functions/Engine_MaterialFunctions02/SafeNormalize.uexp" 169
"../../../Engine/Plugins/Editor/SpeedTreeImporter/Content/SpeedTree9/SpeedTreeWindMotion.uasset" 170
"../../../Engine/Plugins/Editor/SpeedTreeImporter/Content/SpeedTree9/SpeedTreeWindMotion.uexp" 171
"../../../Engine/Plugins/Editor/SpeedTreeImporter/Content/SpeedTree9/SpeedTreeBranchMotion.uasset" 172
"../../../Engine/Plugins/Editor/SpeedTreeImporter/Content/SpeedTree9/SpeedTreeBranchMotion.uexp" 173
"../../../Engine/Plugins/Editor/SpeedTreeImporter/Content/SpeedTree9/SpeedTreeWind.uasset" 174
"../../../Engine/Plugins/Editor/SpeedTreeImporter/Content/SpeedTree9/SpeedTreeWind.uexp" 175
"../../../Engine/Plugins/Editor/SpeedTreeImporter/Content/SpeedTree9/EmptyNormal.uasset" 176
"../../../Engine/Plugins/Editor/SpeedTreeImporter/Content/SpeedTree9/EmptyNormal.uexp" 177
"../../../Engine/Plugins/Editor/SpeedTreeImporter/Content/SpeedTree9/Empty.uasset" 178
"../../../Engine/Plugins/Editor/SpeedTreeImporter/Content/SpeedTree9/Empty.uexp" 179
"../../../Engine/Plugins/Editor/SpeedTreeImporter/Content/SpeedTree9/SpeedTreeMaster.uasset" 180
"../../../Engine/Plugins/Editor/SpeedTreeImporter/Content/SpeedTree9/SpeedTreeMaster.uexp" 181
"../../../Engine/Plugins/Editor/SpeedTreeImporter/Content/SpeedTree9/SpeedTreeBillboard.uasset" 182
"../../../Engine/Plugins/Editor/SpeedTreeImporter/Content/SpeedTree9/SpeedTreeBillboard.uexp" 183
"../../../Engine/Plugins/Editor/SpeedTreeImporter/Content/SpeedTree9/SpeedTreeBillboardMaster.uasset" 184
"../../../Engine/Plugins/Editor/SpeedTreeImporter/Content/SpeedTree9/SpeedTreeBillboardMaster.uexp" 185
"../../../Engine/Plugins/Animation/ControlRig/Content/Controls/DefaultGizmoLibraryNormalized.uasset" 186
"../../../Engine/Plugins/Animation/ControlRig/Content/Controls/DefaultGizmoLibraryNormalized.uexp" 187
"../../../Engine/Plugins/Animation/ControlRig/Content/Controls/ControlRig_Wedge_solid.ubulk" 188
"../../../Engine/Plugins/Animation/ControlRig/Content/Controls/ControlRig_Wedge_solid.uasset" 189
"../../../Engine/Plugins/Animation/ControlRig/Content/Controls/ControlRig_Wedge_solid.uexp" 190
"../../../Engine/Plugins/Animation/ControlRig/Content/Controls/ControlRig_Wedge_3mm.ubulk" 191
"../../../Engine/Plugins/Animation/ControlRig/Content/Controls/ControlRig_Wedge_3mm.uasset" 192
"../../../Engine/Plugins/Animation/ControlRig/Content/Controls/ControlRig_Wedge_3mm.uexp" 193
"../../../Engine/Plugins/Animation/ControlRig/Content/Controls/ControlRig_Wedge_1mm.ubulk" 194
"../../../Engine/Plugins/Animation/ControlRig/Content/Controls/ControlRig_Wedge_1mm.uasset" 195
"../../../Engine/Plugins/Animation/ControlRig/Content/Controls/ControlRig_Wedge_1mm.uexp" 196
"../../../Engine/Plugins/Animation/ControlRig/Content/Controls/ControlRig_Triangle_solid.ubulk" 197
"../../../Engine/Plugins/Animation/ControlRig/Content/Controls/ControlRig_Triangle_solid.uasset" 198
"../../../Engine/Plugins/Animation/ControlRig/Content/Controls/ControlRig_Triangle_solid.uexp" 199
"../../../Engine/Plugins/Animation/ControlRig/Content/Controls/ControlRig_Triangle_3mm.ubulk" 200
"../../../Engine/Plugins/Animation/ControlRig/Content/Controls/ControlRig_Triangle_3mm.uasset" 201
"../../../Engine/Plugins/Animation/ControlRig/Content/Controls/ControlRig_Triangle_3mm.uexp" 202
"../../../Engine/Plugins/Animation/ControlRig/Content/Controls/ControlRig_Triangle_1mm.ubulk" 203
"../../../Engine/Plugins/Animation/ControlRig/Content/Controls/ControlRig_Triangle_1mm.uasset" 204
"../../../Engine/Plugins/Animation/ControlRig/Content/Controls/ControlRig_Triangle_1mm.uexp" 205
"../../../Engine/Plugins/Animation/ControlRig/Content/Controls/ControlRig_Star4_solid.ubulk" 206
"../../../Engine/Plugins/Animation/ControlRig/Content/Controls/ControlRig_Star4_solid.uasset" 207
"../../../Engine/Plugins/Animation/ControlRig/Content/Controls/ControlRig_Star4_solid.uexp" 208
"../../../Engine/Plugins/Animation/ControlRig/Content/Controls/ControlRig_Star4_3mm.ubulk" 209
"../../../Engine/Plugins/Animation/ControlRig/Content/Controls/ControlRig_Star4_3mm.uasset" 210
"../../../Engine/Plugins/Animation/ControlRig/Content/Controls/ControlRig_Star4_3mm.uexp" 211
"../../../Engine/Plugins/Animation/ControlRig/Content/Controls/ControlRig_Star4_1mm.ubulk" 212
"../../../Engine/Plugins/Animation/ControlRig/Content/Controls/ControlRig_Star4_1mm.uasset" 213
"../../../Engine/Plugins/Animation/ControlRig/Content/Controls/ControlRig_Star4_1mm.uexp" 214
"../../../Engine/Plugins/Animation/ControlRig/Content/Controls/ControlRig_Square_solid.ubulk" 215
"../../../Engine/Plugins/Animation/ControlRig/Content/Controls/ControlRig_Square_solid.uasset" 216
"../../../Engine/Plugins/Animation/ControlRig/Content/Controls/ControlRig_Square_solid.uexp" 217
"../../../Engine/Plugins/Animation/ControlRig/Content/Controls/ControlRig_Square_3mm.ubulk" 218
"../../../Engine/Plugins/Animation/ControlRig/Content/Controls/ControlRig_Square_3mm.uasset" 219
"../../../Engine/Plugins/Animation/ControlRig/Content/Controls/ControlRig_Square_3mm.uexp" 220
"../../../Engine/Plugins/Animation/ControlRig/Content/Controls/ControlRig_Square_1mm.ubulk" 221
"../../../Engine/Plugins/Animation/ControlRig/Content/Controls/ControlRig_Square_1mm.uasset" 222
"../../../Engine/Plugins/Animation/ControlRig/Content/Controls/ControlRig_Square_1mm.uexp" 223
"../../../Engine/Plugins/Animation/ControlRig/Content/Controls/ControlRig_Sphere_solid.ubulk" 224
"../../../Engine/Plugins/Animation/ControlRig/Content/Controls/ControlRig_Sphere_solid.uasset" 225
"../../../Engine/Plugins/Animation/ControlRig/Content/Controls/ControlRig_Sphere_solid.uexp" 226
"../../../Engine/Plugins/Animation/ControlRig/Content/Controls/ControlRig_Sphere_3mm.ubulk" 227
"../../../Engine/Plugins/Animation/ControlRig/Content/Controls/ControlRig_Sphere_3mm.uasset" 228
"../../../Engine/Plugins/Animation/ControlRig/Content/Controls/ControlRig_Sphere_3mm.uexp" 229
"../../../Engine/Plugins/Animation/ControlRig/Content/Controls/ControlRig_Sphere_1mm.ubulk" 230
"../../../Engine/Plugins/Animation/ControlRig/Content/Controls/ControlRig_Sphere_1mm.uasset" 231
"../../../Engine/Plugins/Animation/ControlRig/Content/Controls/ControlRig_Sphere_1mm.uexp" 232
"../../../Engine/Plugins/Animation/ControlRig/Content/Controls/ControlRig_RoundedTriangle_solid.ubulk" 233
"../../../Engine/Plugins/Animation/ControlRig/Content/Controls/ControlRig_RoundedTriangle_solid.uasset" 234
"../../../Engine/Plugins/Animation/ControlRig/Content/Controls/ControlRig_RoundedTriangle_solid.uexp" 235
"../../../Engine/Plugins/Animation/ControlRig/Content/Controls/ControlRig_RoundedTriangle_3mm.ubulk" 236
"../../../Engine/Plugins/Animation/ControlRig/Content/Controls/ControlRig_RoundedTriangle_3mm.uasset" 237
"../../../Engine/Plugins/Animation/ControlRig/Content/Controls/ControlRig_RoundedTriangle_3mm.uexp" 238
"../../../Engine/Plugins/Animation/ControlRig/Content/Controls/ControlRig_RoundedTriangle_1mm.ubulk" 239
"../../../Engine/Plugins/Animation/ControlRig/Content/Controls/ControlRig_RoundedTriangle_1mm.uasset" 240
"../../../Engine/Plugins/Animation/ControlRig/Content/Controls/ControlRig_RoundedTriangle_1mm.uexp" 241
"../../../Engine/Plugins/Animation/ControlRig/Content/Controls/ControlRig_RoundedSquare_solid.ubulk" 242
"../../../Engine/Plugins/Animation/ControlRig/Content/Controls/ControlRig_RoundedSquare_solid.uasset" 243
"../../../Engine/Plugins/Animation/ControlRig/Content/Controls/ControlRig_RoundedSquare_solid.uexp" 244
"../../../Engine/Plugins/Animation/ControlRig/Content/Controls/ControlRig_RoundedSquare_3mm.ubulk" 245
"../../../Engine/Plugins/Animation/ControlRig/Content/Controls/ControlRig_RoundedSquare_3mm.uasset" 246
"../../../Engine/Plugins/Animation/ControlRig/Content/Controls/ControlRig_RoundedSquare_3mm.uexp" 247
"../../../Engine/Plugins/Animation/ControlRig/Content/Controls/ControlRig_RoundedSquare_1mm.ubulk" 248
"../../../Engine/Plugins/Animation/ControlRig/Content/Controls/ControlRig_RoundedSquare_1mm.uasset" 249
"../../../Engine/Plugins/Animation/ControlRig/Content/Controls/ControlRig_RoundedSquare_1mm.uexp" 250
"../../../Engine/Plugins/Animation/ControlRig/Content/Controls/ControlRig_QuarterCircle_solid.ubulk" 251
"../../../Engine/Plugins/Animation/ControlRig/Content/Controls/ControlRig_QuarterCircle_solid.uasset" 252
"../../../Engine/Plugins/Animation/ControlRig/Content/Controls/ControlRig_QuarterCircle_solid.uexp" 253
"../../../Engine/Plugins/Animation/ControlRig/Content/Controls/ControlRig_QuarterCircle_3mm.ubulk" 254
"../../../Engine/Plugins/Animation/ControlRig/Content/Controls/ControlRig_QuarterCircle_3mm.uasset" 255
"../../../Engine/Plugins/Animation/ControlRig/Content/Controls/ControlRig_QuarterCircle_3mm.uexp" 256
"../../../Engine/Plugins/Animation/ControlRig/Content/Controls/ControlRig_QuarterCircle_1mm.ubulk" 257
"../../../Engine/Plugins/Animation/ControlRig/Content/Controls/ControlRig_QuarterCircle_1mm.uasset" 258
"../../../Engine/Plugins/Animation/ControlRig/Content/Controls/ControlRig_QuarterCircle_1mm.uexp" 259
"../../../Engine/Plugins/Animation/ControlRig/Content/Controls/ControlRig_Pyramid_solid.ubulk" 260
"../../../Engine/Plugins/Animation/ControlRig/Content/Controls/ControlRig_Pyramid_solid.uasset" 261
"../../../Engine/Plugins/Animation/ControlRig/Content/Controls/ControlRig_Pyramid_solid.uexp" 262
"../../../Engine/Plugins/Animation/ControlRig/Content/Controls/ControlRig_Pyramid_3mm.ubulk" 263
"../../../Engine/Plugins/Animation/ControlRig/Content/Controls/ControlRig_Pyramid_3mm.uasset" 264
"../../../Engine/Plugins/Animation/ControlRig/Content/Controls/ControlRig_Pyramid_3mm.uexp" 265
"../../../Engine/Plugins/Animation/ControlRig/Content/Controls/ControlRig_Pyramid_1mm.ubulk" 266
"../../../Engine/Plugins/Animation/ControlRig/Content/Controls/ControlRig_Pyramid_1mm.uasset" 267
"../../../Engine/Plugins/Animation/ControlRig/Content/Controls/ControlRig_Pyramid_1mm.uexp" 268
"../../../Engine/Plugins/Animation/ControlRig/Content/Controls/ControlRig_Octagon_solid.ubulk" 269
"../../../Engine/Plugins/Animation/ControlRig/Content/Controls/ControlRig_Octagon_solid.uasset" 270
"../../../Engine/Plugins/Animation/ControlRig/Content/Controls/ControlRig_Octagon_solid.uexp" 271
"../../../Engine/Plugins/Animation/ControlRig/Content/Controls/ControlRig_Octagon_3mm.ubulk" 272
"../../../Engine/Plugins/Animation/ControlRig/Content/Controls/ControlRig_Octagon_3mm.uasset" 273
"../../../Engine/Plugins/Animation/ControlRig/Content/Controls/ControlRig_Octagon_3mm.uexp" 274
"../../../Engine/Plugins/Animation/ControlRig/Content/Controls/ControlRig_Octagon_1mm.ubulk" 275
"../../../Engine/Plugins/Animation/ControlRig/Content/Controls/ControlRig_Octagon_1mm.uasset" 276
"../../../Engine/Plugins/Animation/ControlRig/Content/Controls/ControlRig_Octagon_1mm.uexp" 277
"../../../Engine/Plugins/Animation/ControlRig/Content/Controls/ControlRig_Hexagon_solid.ubulk" 278
"../../../Engine/Plugins/Animation/ControlRig/Content/Controls/ControlRig_Hexagon_solid.uasset" 279
"../../../Engine/Plugins/Animation/ControlRig/Content/Controls/ControlRig_Hexagon_solid.uexp" 280
"../../../Engine/Plugins/Animation/ControlRig/Content/Controls/ControlRig_Hexagon_3mm.ubulk" 281
"../../../Engine/Plugins/Animation/ControlRig/Content/Controls/ControlRig_Hexagon_3mm.uasset" 282
"../../../Engine/Plugins/Animation/ControlRig/Content/Controls/ControlRig_Hexagon_3mm.uexp" 283
"../../../Engine/Plugins/Animation/ControlRig/Content/Controls/ControlRig_Hexagon_1mm.ubulk" 284
"../../../Engine/Plugins/Animation/ControlRig/Content/Controls/ControlRig_Hexagon_1mm.uasset" 285
"../../../Engine/Plugins/Animation/ControlRig/Content/Controls/ControlRig_Hexagon_1mm.uexp" 286
"../../../Engine/Plugins/Animation/ControlRig/Content/Controls/ControlRig_HalfCircle_solid.ubulk" 287
"../../../Engine/Plugins/Animation/ControlRig/Content/Controls/ControlRig_HalfCircle_solid.uasset" 288
"../../../Engine/Plugins/Animation/ControlRig/Content/Controls/ControlRig_HalfCircle_solid.uexp" 289
"../../../Engine/Plugins/Animation/ControlRig/Content/Controls/ControlRig_HalfCircle_3mm.ubulk" 290
"../../../Engine/Plugins/Animation/ControlRig/Content/Controls/ControlRig_HalfCircle_3mm.uasset" 291
"../../../Engine/Plugins/Animation/ControlRig/Content/Controls/ControlRig_HalfCircle_3mm.uexp" 292
"../../../Engine/Plugins/Animation/ControlRig/Content/Controls/ControlRig_HalfCircle_1mm.ubulk" 293
"../../../Engine/Plugins/Animation/ControlRig/Content/Controls/ControlRig_HalfCircle_1mm.uasset" 294
"../../../Engine/Plugins/Animation/ControlRig/Content/Controls/ControlRig_HalfCircle_1mm.uexp" 295
"../../../Engine/Plugins/Animation/ControlRig/Content/Controls/ControlRig_Diamond_solid.ubulk" 296
"../../../Engine/Plugins/Animation/ControlRig/Content/Controls/ControlRig_Diamond_solid.uasset" 297
"../../../Engine/Plugins/Animation/ControlRig/Content/Controls/ControlRig_Diamond_solid.uexp" 298
"../../../Engine/Plugins/Animation/ControlRig/Content/Controls/ControlRig_Diamond_3mm.ubulk" 299
"../../../Engine/Plugins/Animation/ControlRig/Content/Controls/ControlRig_Diamond_3mm.uasset" 300
"../../../Engine/Plugins/Animation/ControlRig/Content/Controls/ControlRig_Diamond_3mm.uexp" 301
"../../../Engine/Plugins/Animation/ControlRig/Content/Controls/ControlRig_Diamond_1mm.ubulk" 302
"../../../Engine/Plugins/Animation/ControlRig/Content/Controls/ControlRig_Diamond_1mm.uasset" 303
"../../../Engine/Plugins/Animation/ControlRig/Content/Controls/ControlRig_Diamond_1mm.uexp" 304
"../../../Engine/Plugins/Animation/ControlRig/Content/Controls/ControlRig_Circle_solid.ubulk" 305
"../../../Engine/Plugins/Animation/ControlRig/Content/Controls/ControlRig_Circle_solid.uasset" 306
"../../../Engine/Plugins/Animation/ControlRig/Content/Controls/ControlRig_Circle_solid.uexp" 307
"../../../Engine/Plugins/Animation/ControlRig/Content/Controls/ControlRig_Circle_3mm.ubulk" 308
"../../../Engine/Plugins/Animation/ControlRig/Content/Controls/ControlRig_Circle_3mm.uasset" 309
"../../../Engine/Plugins/Animation/ControlRig/Content/Controls/ControlRig_Circle_3mm.uexp" 310
"../../../Engine/Plugins/Animation/ControlRig/Content/Controls/ControlRig_Circle_1mm.ubulk" 311
"../../../Engine/Plugins/Animation/ControlRig/Content/Controls/ControlRig_Circle_1mm.uasset" 312
"../../../Engine/Plugins/Animation/ControlRig/Content/Controls/ControlRig_Circle_1mm.uexp" 313
"../../../Engine/Plugins/Animation/ControlRig/Content/Controls/ControlRig_Box_solid.ubulk" 314
"../../../Engine/Plugins/Animation/ControlRig/Content/Controls/ControlRig_Box_solid.uasset" 315
"../../../Engine/Plugins/Animation/ControlRig/Content/Controls/ControlRig_Box_solid.uexp" 316
"../../../Engine/Plugins/Animation/ControlRig/Content/Controls/ControlRig_Box_3mm.ubulk" 317
"../../../Engine/Plugins/Animation/ControlRig/Content/Controls/ControlRig_Box_3mm.uasset" 318
"../../../Engine/Plugins/Animation/ControlRig/Content/Controls/ControlRig_Box_3mm.uexp" 319
"../../../Engine/Plugins/Animation/ControlRig/Content/Controls/ControlRig_Box_1mm.ubulk" 320
"../../../Engine/Plugins/Animation/ControlRig/Content/Controls/ControlRig_Box_1mm.uasset" 321
"../../../Engine/Plugins/Animation/ControlRig/Content/Controls/ControlRig_Box_1mm.uexp" 322
"../../../Engine/Plugins/Animation/ControlRig/Content/Controls/ControlRig_Arrow_solid.ubulk" 323
"../../../Engine/Plugins/Animation/ControlRig/Content/Controls/ControlRig_Arrow_solid.uasset" 324
"../../../Engine/Plugins/Animation/ControlRig/Content/Controls/ControlRig_Arrow_solid.uexp" 325
"../../../Engine/Plugins/Animation/ControlRig/Content/Controls/ControlRig_Arrow_3mm.ubulk" 326
"../../../Engine/Plugins/Animation/ControlRig/Content/Controls/ControlRig_Arrow_3mm.uasset" 327
"../../../Engine/Plugins/Animation/ControlRig/Content/Controls/ControlRig_Arrow_3mm.uexp" 328
"../../../Engine/Plugins/Animation/ControlRig/Content/Controls/ControlRig_Arrow_1mm.ubulk" 329
"../../../Engine/Plugins/Animation/ControlRig/Content/Controls/ControlRig_Arrow_1mm.uasset" 330
"../../../Engine/Plugins/Animation/ControlRig/Content/Controls/ControlRig_Arrow_1mm.uexp" 331
"../../../Engine/Plugins/Animation/ControlRig/Content/Controls/ControlRig_Arrow4_solid.ubulk" 332
"../../../Engine/Plugins/Animation/ControlRig/Content/Controls/ControlRig_Arrow4_solid.uasset" 333
"../../../Engine/Plugins/Animation/ControlRig/Content/Controls/ControlRig_Arrow4_solid.uexp" 334
"../../../Engine/Plugins/Animation/ControlRig/Content/Controls/ControlRig_Arrow4_3mm.ubulk" 335
"../../../Engine/Plugins/Animation/ControlRig/Content/Controls/ControlRig_Arrow4_3mm.uasset" 336
"../../../Engine/Plugins/Animation/ControlRig/Content/Controls/ControlRig_Arrow4_3mm.uexp" 337
"../../../Engine/Plugins/Animation/ControlRig/Content/Controls/ControlRig_Arrow4_1mm.ubulk" 338
"../../../Engine/Plugins/Animation/ControlRig/Content/Controls/ControlRig_Arrow4_1mm.uasset" 339
"../../../Engine/Plugins/Animation/ControlRig/Content/Controls/ControlRig_Arrow4_1mm.uexp" 340
"../../../Engine/Plugins/Animation/ControlRig/Content/Controls/ControlRig_Arrow2_solid.ubulk" 341
"../../../Engine/Plugins/Animation/ControlRig/Content/Controls/ControlRig_Arrow2_solid.uasset" 342
"../../../Engine/Plugins/Animation/ControlRig/Content/Controls/ControlRig_Arrow2_solid.uexp" 343
"../../../Engine/Plugins/Animation/ControlRig/Content/Controls/ControlRig_Arrow2_3mm.ubulk" 344
"../../../Engine/Plugins/Animation/ControlRig/Content/Controls/ControlRig_Arrow2_3mm.uasset" 345
"../../../Engine/Plugins/Animation/ControlRig/Content/Controls/ControlRig_Arrow2_3mm.uexp" 346
"../../../Engine/Plugins/Animation/ControlRig/Content/Controls/ControlRig_Arrow2_1mm.ubulk" 347
"../../../Engine/Plugins/Animation/ControlRig/Content/Controls/ControlRig_Arrow2_1mm.uasset" 348
"../../../Engine/Plugins/Animation/ControlRig/Content/Controls/ControlRig_Arrow2_1mm.uexp" 349
"../../../Engine/Plugins/Animation/ControlRig/Content/Controls/ControlRigXRayMaterial.uasset" 350
"../../../Engine/Plugins/Animation/ControlRig/Content/Controls/ControlRigXRayMaterial.uexp" 351
"../../../Engine/Plugins/Animation/ControlRig/Content/Controls/ControlRigGizmoMaterial.uasset" 352
"../../../Engine/Plugins/Animation/ControlRig/Content/Controls/ControlRigGizmoMaterial.uexp" 353
"../../../Engine/Content/MobileResources/HUD/VirtualJoystick_Background.uasset" 354
"../../../Engine/Content/MobileResources/HUD/VirtualJoystick_Background.uexp" 355
"../../../Engine/Content/MobileResources/HUD/VirtualJoystick_Thumb.uasset" 356
"../../../Engine/Content/MobileResources/HUD/VirtualJoystick_Thumb.uexp" 357
"../../../Engine/Content/MobileResources/HUD/DefaultVirtualJoysticks.uasset" 358
"../../../Engine/Content/MobileResources/HUD/DefaultVirtualJoysticks.uexp" 359
"../../../Engine/Content/EngineSounds/Master.uasset" 360
"../../../Engine/Content/EngineSounds/Master.uexp" 361
"../../../Engine/Content/EngineSky/T_Sky_Stars.ubulk" 362
"../../../Engine/Content/EngineSky/T_Sky_Stars.uasset" 363
"../../../Engine/Content/EngineSky/T_Sky_Stars.uexp" 364
"../../../Engine/Content/EngineSky/T_Sky_Clouds_M.ubulk" 365
"../../../Engine/Content/EngineSky/T_Sky_Clouds_M.uasset" 366
"../../../Engine/Content/EngineSky/T_Sky_Clouds_M.uexp" 367
"../../../Engine/Content/EngineSky/T_Sky_Blue.ubulk" 368
"../../../Engine/Content/EngineSky/T_Sky_Blue.uasset" 369
"../../../Engine/Content/EngineSky/T_Sky_Blue.uexp" 370
"../../../Engine/Content/EngineSky/M_Sky_Panning_Clouds2.uasset" 371
"../../../Engine/Content/EngineSky/M_Sky_Panning_Clouds2.uexp" 372
"../../../Engine/Content/EngineSky/SM_SkySphere.ubulk" 373
"../../../Engine/Content/EngineSky/SM_SkySphere.uasset" 374
"../../../Engine/Content/EngineSky/SM_SkySphere.uexp" 375
"../../../Engine/Content/EngineSky/M_SimpleSkyDome.uasset" 376
"../../../Engine/Content/EngineSky/M_SimpleSkyDome.uexp" 377
"../../../Engine/Content/EngineSky/VolumetricClouds/CloudWeatherTexture.uasset" 378
"../../../Engine/Content/EngineSky/VolumetricClouds/CloudWeatherTexture.uexp" 379
"../../../Engine/Content/Functions/Engine_MaterialFunctions02/Utility/MakeFloat2.uasset" 380
"../../../Engine/Content/Functions/Engine_MaterialFunctions02/Utility/MakeFloat2.uexp" 381
"../../../Engine/Content/EngineSky/VolumetricClouds/CloudGradientTexture.uasset" 382
"../../../Engine/Content/EngineSky/VolumetricClouds/CloudGradientTexture.uexp" 383
"../../../Engine/Content/EngineSky/VolumetricClouds/T_NoiseShape64.ubulk" 384
"../../../Engine/Content/EngineSky/VolumetricClouds/T_NoiseShape64.uasset" 385
"../../../Engine/Content/EngineSky/VolumetricClouds/T_NoiseShape64.uexp" 386
"../../../Engine/Content/EngineSky/VolumetricClouds/T_VolumeNoiseShape64.uasset" 387
"../../../Engine/Content/EngineSky/VolumetricClouds/T_VolumeNoiseShape64.uexp" 388
"../../../Engine/Content/EngineSky/VolumetricClouds/T_NoiseErosion.ubulk" 389
"../../../Engine/Content/EngineSky/VolumetricClouds/T_NoiseErosion.uasset" 390
"../../../Engine/Content/EngineSky/VolumetricClouds/T_NoiseErosion.uexp" 391
"../../../Engine/Content/EngineSky/VolumetricClouds/T_VolumeNoiseErosion32.uasset" 392
"../../../Engine/Content/EngineSky/VolumetricClouds/T_VolumeNoiseErosion32.uexp" 393
"../../../Engine/Content/EngineSky/VolumetricClouds/m_SimpleVolumetricCloud.uasset" 394
"../../../Engine/Content/EngineSky/VolumetricClouds/m_SimpleVolumetricCloud.uexp" 395
"../../../Engine/Content/EngineSky/VolumetricClouds/m_SimpleVolumetricCloud_Inst.uasset" 396
"../../../Engine/Content/EngineSky/VolumetricClouds/m_SimpleVolumetricCloud_Inst.uexp" 397
"../../../Engine/Content/EngineResources/FilmGrains/Marcie_Grain_v3_128_M2_000.uasset" 398
"../../../Engine/Content/EngineResources/FilmGrains/Marcie_Grain_v3_128_M2_000.uexp" 399
"../../../Engine/Content/EngineResources/WhiteSquareTexture.uasset" 400
"../../../Engine/Content/EngineResources/WhiteSquareTexture.uexp" 401
"../../../Engine/Content/EngineMaterials/Widget3DPassThrough.uasset" 402
"../../../Engine/Content/EngineMaterials/Widget3DPassThrough.uexp" 403
"../../../Engine/Content/EngineMaterials/Widget3DPassThrough_Translucent.uasset" 404
"../../../Engine/Content/EngineMaterials/Widget3DPassThrough_Translucent.uexp" 405
"../../../Engine/Content/EngineMaterials/Widget3DPassThrough_Translucent_OneSided.uasset" 406
"../../../Engine/Content/EngineMaterials/Widget3DPassThrough_Translucent_OneSided.uexp" 407
"../../../Engine/Content/EngineMaterials/Widget3DPassThrough_Opaque.uasset" 408
"../../../Engine/Content/EngineMaterials/Widget3DPassThrough_Opaque.uexp" 409
"../../../Engine/Content/EngineMaterials/Widget3DPassThrough_Opaque_OneSided.uasset" 410
"../../../Engine/Content/EngineMaterials/Widget3DPassThrough_Opaque_OneSided.uexp" 411
"../../../Engine/Content/EngineMaterials/Widget3DPassThrough_Masked_OneSided.uasset" 412
"../../../Engine/Content/EngineMaterials/Widget3DPassThrough_Masked_OneSided.uexp" 413
"../../../Engine/Content/EngineMaterials/Widget3DPassThrough_Masked.uasset" 414
"../../../Engine/Content/EngineMaterials/Widget3DPassThrough_Masked.uexp" 415
"../../../Engine/Content/EngineMaterials/STBlueNoise_vec2_128x128x64.uasset" 416
"../../../Engine/Content/EngineMaterials/STBlueNoise_vec2_128x128x64.uexp" 417
"../../../Engine/Content/EngineMaterials/STBlueNoise_scalar_128x128x64.uasset" 418
"../../../Engine/Content/EngineMaterials/STBlueNoise_scalar_128x128x64.uexp" 419
"../../../Engine/Content/EngineMaterials/RemoveSurfaceMaterial.uasset" 420
"../../../Engine/Content/EngineMaterials/RemoveSurfaceMaterial.uexp" 421
"../../../Engine/Content/EngineMaterials/DefaultCalibrationGrayscale.uasset" 422
"../../../Engine/Content/EngineMaterials/DefaultCalibrationGrayscale.uexp" 423
"../../../Engine/Content/EngineMaterials/PPM_DefaultCalibrationGrayscale.uasset" 424
"../../../Engine/Content/EngineMaterials/PPM_DefaultCalibrationGrayscale.uexp" 425
"../../../Engine/Content/EngineMaterials/DefaultCalibrationColor.uasset" 426
"../../../Engine/Content/EngineMaterials/DefaultCalibrationColor.uexp" 427
"../../../Engine/Content/EngineMaterials/PPM_DefaultCalibrationColor.uasset" 428
"../../../Engine/Content/EngineMaterials/PPM_DefaultCalibrationColor.uexp" 429
"../../../Engine/Content/EngineMaterials/PhAT_JointLimitMaterial.uasset" 430
"../../../Engine/Content/EngineMaterials/PhAT_JointLimitMaterial.uexp" 431
"../../../Engine/Content/EngineMaterials/NaniteHiddenSectionMaterial.uasset" 432
"../../../Engine/Content/EngineMaterials/NaniteHiddenSectionMaterial.uexp" 433
"../../../Engine/Content/EngineMaterials/InvalidLightmapSettings.ubulk" 434
"../../../Engine/Content/EngineMaterials/InvalidLightmapSettings.uasset" 435
"../../../Engine/Content/EngineMaterials/InvalidLightmapSettings.uexp" 436
"../../../Engine/Content/EngineMaterials/M_InvalidLightmapSettings.uasset" 437
"../../../Engine/Content/EngineMaterials/M_InvalidLightmapSettings.uexp" 438
"../../../Engine/Content/EngineMaterials/GizmoMaterial.uasset" 439
"../../../Engine/Content/EngineMaterials/GizmoMaterial.uexp" 440
"../../../Engine/Content/EngineMaterials/BaseFlattenEmissiveMap_VT.uasset" 441
"../../../Engine/Content/EngineMaterials/BaseFlattenEmissiveMap_VT.uexp" 442
"../../../Engine/Content/EngineMaterials/BaseFlattenGrayscaleMap_VT.uasset" 443
"../../../Engine/Content/EngineMaterials/BaseFlattenGrayscaleMap_VT.uexp" 444
"../../../Engine/Content/EngineMaterials/BaseFlattenLinearColor_VT.uasset" 445
"../../../Engine/Content/EngineMaterials/BaseFlattenLinearColor_VT.uexp" 446
"../../../Engine/Content/EngineMaterials/Black_1x1_EXR_Texture_VT.uasset" 447
"../../../Engine/Content/EngineMaterials/Black_1x1_EXR_Texture_VT.uexp" 448
"../../../Engine/Content/EngineMaterials/BaseFlattenDiffuseMap_VT.uasset" 449
"../../../Engine/Content/EngineMaterials/BaseFlattenDiffuseMap_VT.uexp" 450
"../../../Engine/Content/EngineMaterials/BaseFlattenNormalMap_VT.uasset" 451
"../../../Engine/Content/EngineMaterials/BaseFlattenNormalMap_VT.uexp" 452
"../../../Engine/Content/EngineMaterials/FlattenMaterial_WS_Normal_VT.uasset" 453
"../../../Engine/Content/EngineMaterials/FlattenMaterial_WS_Normal_VT.uexp" 454
"../../../Engine/Content/EngineMaterials/FlattenMaterial_VT.uasset" 455
"../../../Engine/Content/EngineMaterials/FlattenMaterial_VT.uexp" 456
"../../../Engine/Content/EngineMaterials/BaseFlattenNormalMap.uasset" 457
"../../../Engine/Content/EngineMaterials/BaseFlattenNormalMap.uexp" 458
"../../../Engine/Content/EngineMaterials/BaseFlattenGrayscaleMap.uasset" 459
"../../../Engine/Content/EngineMaterials/BaseFlattenGrayscaleMap.uexp" 460
"../../../Engine/Content/EngineMaterials/BaseFlattenDiffuseMap.uasset" 461
"../../../Engine/Content/EngineMaterials/BaseFlattenDiffuseMap.uexp" 462
"../../../Engine/Content/Functions/Engine_MaterialFunctions02/PivotPainter2/Black_1x1_EXR_Texture.uasset" 463
"../../../Engine/Content/Functions/Engine_MaterialFunctions02/PivotPainter2/Black_1x1_EXR_Texture.uexp" 464
"../../../Engine/Content/EngineMaterials/BaseFlattenEmissiveMap.uasset" 465
"../../../Engine/Content/EngineMaterials/BaseFlattenEmissiveMap.uexp" 466
"../../../Engine/Content/EngineMaterials/BaseFlattenLinearColor.uasset" 467
"../../../Engine/Content/EngineMaterials/BaseFlattenLinearColor.uexp" 468
"../../../Engine/Content/EngineMaterials/FlattenMaterial.uasset" 469
"../../../Engine/Content/EngineMaterials/FlattenMaterial.uexp" 470
"../../../Engine/Content/EngineMaterials/DefaultWhiteGrid_Low.uasset" 471
"../../../Engine/Content/EngineMaterials/DefaultWhiteGrid_Low.uexp" 472
"../../../Engine/Content/EngineMaterials/EmissiveMeshMaterial.uasset" 473
"../../../Engine/Content/EngineMaterials/EmissiveMeshMaterial.uexp" 474
"../../../Engine/Content/EngineFonts/RobotoDistanceField.uasset" 475
"../../../Engine/Content/EngineFonts/RobotoDistanceField.uexp" 476
"../../../Engine/Content/EngineMaterials/DefaultTextMaterialOpaque.uasset" 477
"../../../Engine/Content/EngineMaterials/DefaultTextMaterialOpaque.uexp" 478
"../../../Engine/Content/EngineMaterials/DefaultDiffuse.ubulk" 479
"../../../Engine/Content/EngineMaterials/DefaultDiffuse.uasset" 480
"../../../Engine/Content/EngineMaterials/DefaultDiffuse.uexp" 481
"../../../Engine/Content/Functions/Engine_MaterialFunctions02/Utility/BreakOutFloat2Components.uasset" 482
"../../../Engine/Content/Functions/Engine_MaterialFunctions02/Utility/BreakOutFloat2Components.uexp" 483
"../../../Engine/Content/EngineMaterials/DefaultPostProcessMaterial.uasset" 484
"../../../Engine/Content/EngineMaterials/DefaultPostProcessMaterial.uexp" 485
"../../../Engine/Content/EngineMaterials/DefaultPhysicalMaterial.uasset" 486
"../../../Engine/Content/EngineMaterials/DefaultPhysicalMaterial.uexp" 487
"../../../Engine/Content/EngineMaterials/DefaultLightFunctionMaterial.uasset" 488
"../../../Engine/Content/EngineMaterials/DefaultLightFunctionMaterial.uexp" 489
"../../../Engine/Content/EngineMaterials/DefaultDestructiblePhysicalMaterial.uasset" 490
"../../../Engine/Content/EngineMaterials/DefaultDestructiblePhysicalMaterial.uexp" 491
"../../../Engine/Content/EngineMaterials/DefaultDeferredDecalMaterial.uasset" 492
"../../../Engine/Content/EngineMaterials/DefaultDeferredDecalMaterial.uexp" 493
"../../../Engine/Content/EngineMaterials/DefaultBloomKernel.uasset" 494
"../../../Engine/Content/EngineMaterials/DefaultBloomKernel.uexp" 495
"../../../Engine/Content/EngineFonts/Faces/RobotoLight.uexp" 496
"../../../Engine/Content/EngineFonts/Faces/RobotoLight.uasset" 497
"../../../Engine/Content/EngineFonts/Faces/RobotoLight.ufont" 498
"../../../Engine/Content/EngineFonts/Faces/RobotoBold.uexp" 499
"../../../Engine/Content/EngineFonts/Faces/RobotoBold.uasset" 500
"../../../Engine/Content/EngineFonts/Faces/RobotoBold.ufont" 501
"../../../Engine/Content/EngineFonts/Faces/RobotoRegular.uexp" 502
"../../../Engine/Content/EngineFonts/Faces/RobotoRegular.uasset" 503
"../../../Engine/Content/EngineFonts/Faces/RobotoRegular.ufont" 504
"../../../Engine/Content/EngineFonts/Faces/DroidSansFallback.uexp" 505
"../../../Engine/Content/EngineFonts/Faces/DroidSansFallback.uasset" 506
"../../../Engine/Content/EngineFonts/Faces/DroidSansFallback.ufont" 507
"../../../Engine/Content/EngineFonts/Faces/RobotoItalic.uexp" 508
"../../../Engine/Content/EngineFonts/Faces/RobotoItalic.uasset" 509
"../../../Engine/Content/EngineFonts/Faces/RobotoItalic.ufont" 510
"../../../Engine/Content/EngineFonts/Faces/RobotoBoldItalic.uexp" 511
"../../../Engine/Content/EngineFonts/Faces/RobotoBoldItalic.uasset" 512
"../../../Engine/Content/EngineFonts/Faces/RobotoBoldItalic.ufont" 513
"../../../Engine/Content/EngineFonts/Roboto.uasset" 514
"../../../Engine/Content/EngineFonts/Roboto.uexp" 515
"../../../Engine/Content/Functions/Engine_MaterialFunctions02/Utility/CameraDirectionVector.uasset" 516
"../../../Engine/Content/Functions/Engine_MaterialFunctions02/Utility/CameraDirectionVector.uexp" 517
"../../../Engine/Content/EngineDebugMaterials/VolumeToRender.uasset" 518
"../../../Engine/Content/EngineDebugMaterials/VolumeToRender.uexp" 519
"../../../Engine/Content/EngineDebugMaterials/M_VolumeRenderSphereTracePP.uasset" 520
"../../../Engine/Content/EngineDebugMaterials/M_VolumeRenderSphereTracePP.uexp" 521
"../../../Engine/Content/EngineDebugMaterials/M_SimpleUnlitTranslucent.uasset" 522
"../../../Engine/Content/EngineDebugMaterials/M_SimpleUnlitTranslucent.uexp" 523
"../../../Engine/Content/EngineDebugMaterials/DebugMeshMaterial.uasset" 524
"../../../Engine/Content/EngineDebugMaterials/DebugMeshMaterial.uexp" 525
"../../../Engine/Content/EngineDebugMaterials/DebugEditorMaterial.uasset" 526
"../../../Engine/Content/EngineDebugMaterials/DebugEditorMaterial.uexp" 527
"../../../Engine/Content/EngineDamageTypes/DmgTypeBP_Environmental.uasset" 528
"../../../Engine/Content/EngineDamageTypes/DmgTypeBP_Environmental.uexp" 529
"../../../Engine/Content/EditorResources/S_Terrain.ubulk" 530
"../../../Engine/Content/EditorResources/S_Terrain.uasset" 531
"../../../Engine/Content/EditorResources/S_Terrain.uexp" 532
"../../../Engine/Content/EditorResources/EmptyActor.uasset" 533
"../../../Engine/Content/EditorResources/EmptyActor.uexp" 534
"../../../Engine/Content/EditorResources/BSPVertex.uasset" 535
"../../../Engine/Content/EditorResources/BSPVertex.uexp" 536
"../../../Engine/Content/EditorResources/SequenceRecorder/RecordingIndicator.uasset" 537
"../../../Engine/Content/EditorResources/SequenceRecorder/RecordingIndicator.uexp" 538
"../../../Engine/Content/EditorResources/SequenceRecorder/Countdown.uasset" 539
"../../../Engine/Content/EditorResources/SequenceRecorder/Countdown.uexp" 540
"../../../Engine/Content/EditorMaterials/PreviewShadowIndicator.ubulk" 541
"../../../Engine/Content/EditorMaterials/PreviewShadowIndicator.uasset" 542
"../../../Engine/Content/EditorMaterials/PreviewShadowIndicator.uexp" 543
"../../../Engine/Content/EditorMaterials/PreviewShadowIndicatorMaterial.uasset" 544
"../../../Engine/Content/EditorMaterials/PreviewShadowIndicatorMaterial.uexp" 545
"../../../Engine/Content/EditorMaterials/PhAT_UnselectedMaterial.uasset" 546
"../../../Engine/Content/EditorMaterials/PhAT_UnselectedMaterial.uexp" 547
"../../../Engine/Content/EditorMaterials/PhAT_NoCollisionMaterial.uasset" 548
"../../../Engine/Content/EditorMaterials/PhAT_NoCollisionMaterial.uexp" 549
"../../../Engine/Content/EditorLandscapeResources/DataLayer.uasset" 550
"../../../Engine/Content/EditorLandscapeResources/DataLayer.uexp" 551
"../../../Engine/Content/EngineMaterials/DefaultMaterial.uasset" 552
"../../../Engine/Content/EngineMaterials/DefaultMaterial.uexp" 553
"../../../Engine/Content/BasicShapes/Sphere.ubulk" 554
"../../../Engine/Content/BasicShapes/Sphere.uasset" 555
"../../../Engine/Content/BasicShapes/Sphere.uexp" 556
"../../../Engine/Content/BasicShapes/Plane.ubulk" 557
"../../../Engine/Content/BasicShapes/Plane.uasset" 558
"../../../Engine/Content/BasicShapes/Plane.uexp" 559
"../../../Engine/Content/BasicShapes/Cylinder.ubulk" 560
"../../../Engine/Content/BasicShapes/Cylinder.uasset" 561
"../../../Engine/Content/BasicShapes/Cylinder.uexp" 562
"../../../Engine/Content/BasicShapes/Cube.ubulk" 563
"../../../Engine/Content/BasicShapes/Cube.uasset" 564
"../../../Engine/Content/BasicShapes/Cube.uexp" 565
"../../../Engine/Content/BasicShapes/Cone.ubulk" 566
"../../../Engine/Content/BasicShapes/Cone.uasset" 567
"../../../Engine/Content/BasicShapes/Cone.uexp" 568
"C:/Users/ric13/Documents/MiPrimeraChamba/Content/_RicardoMonrreal/Player/IA_Jump.uasset" 569
"C:/Users/ric13/Documents/MiPrimeraChamba/Content/_RicardoMonrreal/Player/IA_Jump.uexp" 570
"C:/Users/ric13/Documents/MiPrimeraChamba/Content/_RicardoMonrreal/Player/IA_Run.uasset" 571
"C:/Users/ric13/Documents/MiPrimeraChamba/Content/_RicardoMonrreal/Player/IA_Run.uexp" 572
"C:/Users/ric13/Documents/MiPrimeraChamba/Content/_RicardoMonrreal/Player/BPI_CameraInfo.uasset" 573
"C:/Users/ric13/Documents/MiPrimeraChamba/Content/_RicardoMonrreal/Player/BPI_CameraInfo.uexp" 574
"C:/Users/ric13/Documents/MiPrimeraChamba/Content/_RicardoMonrreal/BPI_Interact.uasset" 575
"C:/Users/ric13/Documents/MiPrimeraChamba/Content/_RicardoMonrreal/BPI_Interact.uexp" 576
"C:/Users/ric13/Documents/MiPrimeraChamba/Content/Characters/Mannequins/Meshes/SK_Mannequin.uasset" 577
"C:/Users/ric13/Documents/MiPrimeraChamba/Content/Characters/Mannequins/Meshes/SK_Mannequin.uexp" 578
"C:/Users/ric13/Documents/MiPrimeraChamba/Content/Characters/Mannequins/Textures/Quinn/T_Quinn_02ID_MSR_MSK.ubulk" 579
"C:/Users/ric13/Documents/MiPrimeraChamba/Content/Characters/Mannequins/Textures/Quinn/T_Quinn_02ID_MSR_MSK.uasset" 580
"C:/Users/ric13/Documents/MiPrimeraChamba/Content/Characters/Mannequins/Textures/Quinn/T_Quinn_02ID_MSR_MSK.uexp" 581
"C:/Users/ric13/Documents/MiPrimeraChamba/Content/Characters/Mannequins/Textures/Quinn/T_Quinn_02ID_BN.ubulk" 582
"C:/Users/ric13/Documents/MiPrimeraChamba/Content/Characters/Mannequins/Textures/Quinn/T_Quinn_02ID_BN.uasset" 583
"C:/Users/ric13/Documents/MiPrimeraChamba/Content/Characters/Mannequins/Textures/Quinn/T_Quinn_02ID_BN.uexp" 584
"C:/Users/ric13/Documents/MiPrimeraChamba/Content/Characters/Mannequins/Textures/Quinn/T_Quinn_02_ASAOMASK_MSK.ubulk" 585
"C:/Users/ric13/Documents/MiPrimeraChamba/Content/Characters/Mannequins/Textures/Quinn/T_Quinn_02_ASAOMASK_MSK.uasset" 586
"C:/Users/ric13/Documents/MiPrimeraChamba/Content/Characters/Mannequins/Textures/Quinn/T_Quinn_02_ASAOMASK_MSK.uexp" 587
"C:/Users/ric13/Documents/MiPrimeraChamba/Content/Characters/Mannequins/Textures/Quinn/T_Quinn_02_CCRCCPlastic_MSK.ubulk" 588
"C:/Users/ric13/Documents/MiPrimeraChamba/Content/Characters/Mannequins/Textures/Quinn/T_Quinn_02_CCRCCPlastic_MSK.uasset" 589
"C:/Users/ric13/Documents/MiPrimeraChamba/Content/Characters/Mannequins/Textures/Quinn/T_Quinn_02_CCRCCPlastic_MSK.uexp" 590
"C:/Users/ric13/Documents/MiPrimeraChamba/Content/Characters/Mannequins/Textures/Quinn/T_Quinn_02ID_Tan.ubulk" 591
"C:/Users/ric13/Documents/MiPrimeraChamba/Content/Characters/Mannequins/Textures/Quinn/T_Quinn_02ID_Tan.uasset" 592
"C:/Users/ric13/Documents/MiPrimeraChamba/Content/Characters/Mannequins/Textures/Quinn/T_Quinn_02ID_Tan.uexp" 593
"C:/Users/ric13/Documents/MiPrimeraChamba/Content/Characters/Mannequins/Textures/Quinn/T_Quinn_02ID_D.ubulk" 594
"C:/Users/ric13/Documents/MiPrimeraChamba/Content/Characters/Mannequins/Textures/Quinn/T_Quinn_02ID_D.uasset" 595
"C:/Users/ric13/Documents/MiPrimeraChamba/Content/Characters/Mannequins/Textures/Quinn/T_Quinn_02ID_D.uexp" 596
"C:/Users/ric13/Documents/MiPrimeraChamba/Content/Characters/Mannequins/Textures/Quinn/T_Quinn_01ID_MSR_MSK.ubulk" 597
"C:/Users/ric13/Documents/MiPrimeraChamba/Content/Characters/Mannequins/Textures/Quinn/T_Quinn_01ID_MSR_MSK.uasset" 598
"C:/Users/ric13/Documents/MiPrimeraChamba/Content/Characters/Mannequins/Textures/Quinn/T_Quinn_01ID_MSR_MSK.uexp" 599
"C:/Users/ric13/Documents/MiPrimeraChamba/Content/Characters/Mannequins/Materials/Functions/ChromaticCurve.uasset" 600
"C:/Users/ric13/Documents/MiPrimeraChamba/Content/Characters/Mannequins/Materials/Functions/ChromaticCurve.uexp" 601
"C:/Users/ric13/Documents/MiPrimeraChamba/Content/Characters/Mannequins/Materials/Functions/CA_Mannequin.uasset" 602
"C:/Users/ric13/Documents/MiPrimeraChamba/Content/Characters/Mannequins/Materials/Functions/CA_Mannequin.uexp" 603
"C:/Users/ric13/Documents/MiPrimeraChamba/Content/Characters/Mannequins/Materials/Functions/MF_Diffraction.uasset" 604
"C:/Users/ric13/Documents/MiPrimeraChamba/Content/Characters/Mannequins/Materials/Functions/MF_Diffraction.uexp" 605
"C:/Users/ric13/Documents/MiPrimeraChamba/Content/Characters/Mannequins/Textures/Manny/T_Manny_01_N.ubulk" 606
"C:/Users/ric13/Documents/MiPrimeraChamba/Content/Characters/Mannequins/Textures/Manny/T_Manny_01_N.uasset" 607
"C:/Users/ric13/Documents/MiPrimeraChamba/Content/Characters/Mannequins/Textures/Manny/T_Manny_01_N.uexp" 608
"C:/Users/ric13/Documents/MiPrimeraChamba/Content/Characters/Mannequins/Materials/Functions/ML_BaseColorFallOff.uasset" 609
"C:/Users/ric13/Documents/MiPrimeraChamba/Content/Characters/Mannequins/Materials/Functions/ML_BaseColorFallOff.uexp" 610
"../../../Engine/Content/Functions/Engine_MaterialFunctions01/Texturing/ScaleUVsByCenter.uasset" 611
"../../../Engine/Content/Functions/Engine_MaterialFunctions01/Texturing/ScaleUVsByCenter.uexp" 612
"C:/Users/ric13/Documents/MiPrimeraChamba/Content/Characters/Mannequins/Textures/Shared/T_UE_Logo_M.uasset" 613
"C:/Users/ric13/Documents/MiPrimeraChamba/Content/Characters/Mannequins/Textures/Shared/T_UE_Logo_M.uexp" 614
"C:/Users/ric13/Documents/MiPrimeraChamba/Content/Characters/Mannequins/Materials/Functions/MF_logo3layers.uasset" 615
"C:/Users/ric13/Documents/MiPrimeraChamba/Content/Characters/Mannequins/Materials/Functions/MF_logo3layers.uexp" 616
"C:/Users/ric13/Documents/MiPrimeraChamba/Content/Characters/Mannequins/Textures/Manny/T_Manny_01_CCRCCPlastic_MSK.ubulk" 617
"C:/Users/ric13/Documents/MiPrimeraChamba/Content/Characters/Mannequins/Textures/Manny/T_Manny_01_CCRCCPlastic_MSK.uasset" 618
"C:/Users/ric13/Documents/MiPrimeraChamba/Content/Characters/Mannequins/Textures/Manny/T_Manny_01_CCRCCPlastic_MSK.uexp" 619
"C:/Users/ric13/Documents/MiPrimeraChamba/Content/Characters/Mannequins/Textures/Manny/T_Manny_01_ASAOPMASK_MSK.ubulk" 620
"C:/Users/ric13/Documents/MiPrimeraChamba/Content/Characters/Mannequins/Textures/Manny/T_Manny_01_ASAOPMASK_MSK.uasset" 621
"C:/Users/ric13/Documents/MiPrimeraChamba/Content/Characters/Mannequins/Textures/Manny/T_Manny_01_ASAOPMASK_MSK.uexp" 622
"C:/Users/ric13/Documents/MiPrimeraChamba/Content/Characters/Mannequins/Textures/Manny/T_Manny_01_MSR_MSK.ubulk" 623
"C:/Users/ric13/Documents/MiPrimeraChamba/Content/Characters/Mannequins/Textures/Manny/T_Manny_01_MSR_MSK.uasset" 624
"C:/Users/ric13/Documents/MiPrimeraChamba/Content/Characters/Mannequins/Textures/Manny/T_Manny_01_MSR_MSK.uexp" 625
"C:/Users/ric13/Documents/MiPrimeraChamba/Content/Characters/Mannequins/Textures/Manny/T_Manny_01_BN.ubulk" 626
"C:/Users/ric13/Documents/MiPrimeraChamba/Content/Characters/Mannequins/Textures/Manny/T_Manny_01_BN.uasset" 627
"C:/Users/ric13/Documents/MiPrimeraChamba/Content/Characters/Mannequins/Textures/Manny/T_Manny_01_BN.uexp" 628
"C:/Users/ric13/Documents/MiPrimeraChamba/Content/Characters/Mannequins/Textures/Manny/T_Manny_01_D.ubulk" 629
"C:/Users/ric13/Documents/MiPrimeraChamba/Content/Characters/Mannequins/Textures/Manny/T_Manny_01_D.uasset" 630
"C:/Users/ric13/Documents/MiPrimeraChamba/Content/Characters/Mannequins/Textures/Manny/T_Manny_01_D.uexp" 631
"C:/Users/ric13/Documents/MiPrimeraChamba/Content/Characters/Mannequins/Textures/Manny/T_Manny_01_Tan.ubulk" 632
"C:/Users/ric13/Documents/MiPrimeraChamba/Content/Characters/Mannequins/Textures/Manny/T_Manny_01_Tan.uasset" 633
"C:/Users/ric13/Documents/MiPrimeraChamba/Content/Characters/Mannequins/Textures/Manny/T_Manny_01_Tan.uexp" 634
"C:/Users/ric13/Documents/MiPrimeraChamba/Content/Characters/Mannequins/Materials/M_Mannequin.uasset" 635
"C:/Users/ric13/Documents/MiPrimeraChamba/Content/Characters/Mannequins/Materials/M_Mannequin.uexp" 636
"C:/Users/ric13/Documents/MiPrimeraChamba/Content/Characters/Mannequins/Textures/Quinn/T_Quinn_01_ASAOMASK_MSK.ubulk" 637
"C:/Users/ric13/Documents/MiPrimeraChamba/Content/Characters/Mannequins/Textures/Quinn/T_Quinn_01_ASAOMASK_MSK.uasset" 638
"C:/Users/ric13/Documents/MiPrimeraChamba/Content/Characters/Mannequins/Textures/Quinn/T_Quinn_01_ASAOMASK_MSK.uexp" 639
"C:/Users/ric13/Documents/MiPrimeraChamba/Content/Characters/Mannequins/Textures/Quinn/T_Quinn_01ID_N.ubulk" 640
"C:/Users/ric13/Documents/MiPrimeraChamba/Content/Characters/Mannequins/Textures/Quinn/T_Quinn_01ID_N.uasset" 641
"C:/Users/ric13/Documents/MiPrimeraChamba/Content/Characters/Mannequins/Textures/Quinn/T_Quinn_01ID_N.uexp" 642
"C:/Users/ric13/Documents/MiPrimeraChamba/Content/Characters/Mannequins/Textures/Quinn/T_Quinn_01ID_BN.ubulk" 643
"C:/Users/ric13/Documents/MiPrimeraChamba/Content/Characters/Mannequins/Textures/Quinn/T_Quinn_01ID_BN.uasset" 644
"C:/Users/ric13/Documents/MiPrimeraChamba/Content/Characters/Mannequins/Textures/Quinn/T_Quinn_01ID_BN.uexp" 645
"C:/Users/ric13/Documents/MiPrimeraChamba/Content/Characters/Mannequins/Textures/Quinn/T_Quinn_01ID_D.ubulk" 646
"C:/Users/ric13/Documents/MiPrimeraChamba/Content/Characters/Mannequins/Textures/Quinn/T_Quinn_01ID_D.uasset" 647
"C:/Users/ric13/Documents/MiPrimeraChamba/Content/Characters/Mannequins/Textures/Quinn/T_Quinn_01ID_D.uexp" 648
"C:/Users/ric13/Documents/MiPrimeraChamba/Content/Characters/Mannequins/Textures/Quinn/T_Quinn_01ID_Tan.ubulk" 649
"C:/Users/ric13/Documents/MiPrimeraChamba/Content/Characters/Mannequins/Textures/Quinn/T_Quinn_01ID_Tan.uasset" 650
"C:/Users/ric13/Documents/MiPrimeraChamba/Content/Characters/Mannequins/Textures/Quinn/T_Quinn_01ID_Tan.uexp" 651
"C:/Users/ric13/Documents/MiPrimeraChamba/Content/Characters/Mannequins/Textures/Quinn/T_Quinn_01_CCRCCPlastic_MSK.ubulk" 652
"C:/Users/ric13/Documents/MiPrimeraChamba/Content/Characters/Mannequins/Textures/Quinn/T_Quinn_01_CCRCCPlastic_MSK.uasset" 653
"C:/Users/ric13/Documents/MiPrimeraChamba/Content/Characters/Mannequins/Textures/Quinn/T_Quinn_01_CCRCCPlastic_MSK.uexp" 654
"C:/Users/ric13/Documents/MiPrimeraChamba/Content/Characters/Mannequins/Materials/Instances/Quinn/MI_Quinn_01.uasset" 655
"C:/Users/ric13/Documents/MiPrimeraChamba/Content/Characters/Mannequins/Materials/Instances/Quinn/MI_Quinn_01.uexp" 656
"C:/Users/ric13/Documents/MiPrimeraChamba/Content/Characters/Mannequins/Textures/Quinn/T_Quinn_02ID_N.ubulk" 657
"C:/Users/ric13/Documents/MiPrimeraChamba/Content/Characters/Mannequins/Textures/Quinn/T_Quinn_02ID_N.uasset" 658
"C:/Users/ric13/Documents/MiPrimeraChamba/Content/Characters/Mannequins/Textures/Quinn/T_Quinn_02ID_N.uexp" 659
"C:/Users/ric13/Documents/MiPrimeraChamba/Content/Characters/Mannequins/Materials/Instances/Quinn/MI_Quinn_02.uasset" 660
"C:/Users/ric13/Documents/MiPrimeraChamba/Content/Characters/Mannequins/Materials/Instances/Quinn/MI_Quinn_02.uexp" 661
"C:/Users/ric13/Documents/MiPrimeraChamba/Content/Characters/Mannequins/Rigs/PA_Mannequin.uasset" 662
"C:/Users/ric13/Documents/MiPrimeraChamba/Content/Characters/Mannequins/Rigs/PA_Mannequin.uexp" 663
"C:/Users/ric13/Documents/MiPrimeraChamba/Content/Characters/Mannequins/Meshes/SKM_Quinn_Simple.uasset" 664
"C:/Users/ric13/Documents/MiPrimeraChamba/Content/Characters/Mannequins/Meshes/SKM_Quinn_Simple.uexp" 665
"C:/Users/ric13/Documents/MiPrimeraChamba/Content/_RicardoMonrreal/Player/BPI_Ragdoll.uasset" 666
"C:/Users/ric13/Documents/MiPrimeraChamba/Content/_RicardoMonrreal/Player/BPI_Ragdoll.uexp" 667
"C:/Users/ric13/Documents/MiPrimeraChamba/Content/_RicardoMonrreal/Player/IA_RightHand.uasset" 668
"C:/Users/ric13/Documents/MiPrimeraChamba/Content/_RicardoMonrreal/Player/IA_RightHand.uexp" 669
"C:/Users/ric13/Documents/MiPrimeraChamba/Content/_RicardoMonrreal/Player/IA_LeftHand.uasset" 670
"C:/Users/ric13/Documents/MiPrimeraChamba/Content/_RicardoMonrreal/Player/IA_LeftHand.uexp" 671
"C:/Users/ric13/Documents/MiPrimeraChamba/Content/_RicardoMonrreal/Player/IA_Ragdoll.uasset" 672
"C:/Users/ric13/Documents/MiPrimeraChamba/Content/_RicardoMonrreal/Player/IA_Ragdoll.uexp" 673
"C:/Users/ric13/Documents/MiPrimeraChamba/Content/ThirdPerson/Input/Actions/IA_Look.uasset" 674
"C:/Users/ric13/Documents/MiPrimeraChamba/Content/ThirdPerson/Input/Actions/IA_Look.uexp" 675
"C:/Users/ric13/Documents/MiPrimeraChamba/Content/_RicardoMonrreal/Player/IMC_Sleep.uasset" 676
"C:/Users/ric13/Documents/MiPrimeraChamba/Content/_RicardoMonrreal/Player/IMC_Sleep.uexp" 677
"C:/Users/ric13/Documents/MiPrimeraChamba/Content/_RicardoMonrreal/Player/IA_ActiveSleep.uasset" 678
"C:/Users/ric13/Documents/MiPrimeraChamba/Content/_RicardoMonrreal/Player/IA_ActiveSleep.uexp" 679
"C:/Users/ric13/Documents/MiPrimeraChamba/Content/ThirdPerson/Input/Actions/IA_Move.uasset" 680
"C:/Users/ric13/Documents/MiPrimeraChamba/Content/ThirdPerson/Input/Actions/IA_Move.uexp" 681
"C:/Users/ric13/Documents/MiPrimeraChamba/Content/_RicardoMonrreal/Player/IMC_Player.uasset" 682
"C:/Users/ric13/Documents/MiPrimeraChamba/Content/_RicardoMonrreal/Player/IMC_Player.uexp" 683
"../../../Engine/Content/Animation/DefaultAnimCurveCompressionSettings.uasset" 684
"../../../Engine/Content/Animation/DefaultAnimCurveCompressionSettings.uexp" 685
"../../../Engine/Content/Animation/DefaultAnimBoneCompressionSettings.uasset" 686
"../../../Engine/Content/Animation/DefaultAnimBoneCompressionSettings.uexp" 687
"C:/Users/ric13/Documents/MiPrimeraChamba/Content/Characters/Mannequins/Animations/Quinn/MF_Run_Fwd.uasset" 688
"C:/Users/ric13/Documents/MiPrimeraChamba/Content/Characters/Mannequins/Animations/Quinn/MF_Run_Fwd.uexp" 689
"C:/Users/ric13/Documents/MiPrimeraChamba/Content/Characters/Mannequins/Animations/Quinn/MF_Walk_Fwd.uasset" 690
"C:/Users/ric13/Documents/MiPrimeraChamba/Content/Characters/Mannequins/Animations/Quinn/MF_Walk_Fwd.uexp" 691
"../../../Engine/Content/Animation/DefaultRecorderBoneCompression.uasset" 692
"../../../Engine/Content/Animation/DefaultRecorderBoneCompression.uexp" 693
"C:/Users/ric13/Documents/MiPrimeraChamba/Content/Characters/Mannequins/Animations/Manny/MM_Walk_InPlace.uasset" 694
"C:/Users/ric13/Documents/MiPrimeraChamba/Content/Characters/Mannequins/Animations/Manny/MM_Walk_InPlace.uexp" 695
"C:/Users/ric13/Documents/MiPrimeraChamba/Content/Characters/Mannequins/Animations/Quinn/BS_MF_Unarmed_WalkRun.uasset" 696
"C:/Users/ric13/Documents/MiPrimeraChamba/Content/Characters/Mannequins/Animations/Quinn/BS_MF_Unarmed_WalkRun.uexp" 697
"C:/Users/ric13/Documents/MiPrimeraChamba/Content/Characters/Mannequins/Animations/Quinn/MF_Idle.uasset" 698
"C:/Users/ric13/Documents/MiPrimeraChamba/Content/Characters/Mannequins/Animations/Quinn/MF_Idle.uexp" 699
"C:/Users/ric13/Documents/MiPrimeraChamba/Content/Characters/Mannequins/Animations/Manny/MM_Fall_Loop.uasset" 700
"C:/Users/ric13/Documents/MiPrimeraChamba/Content/Characters/Mannequins/Animations/Manny/MM_Fall_Loop.uexp" 701
"C:/Users/ric13/Documents/MiPrimeraChamba/Content/Characters/Mannequins/Animations/Manny/MM_Jump.uasset" 702
"C:/Users/ric13/Documents/MiPrimeraChamba/Content/Characters/Mannequins/Animations/Manny/MM_Jump.uexp" 703
"../../../Engine/Plugins/Animation/ControlRig/Content/Controls/DefaultGizmoLibrary.uasset" 704
"../../../Engine/Plugins/Animation/ControlRig/Content/Controls/DefaultGizmoLibrary.uexp" 705
"C:/Users/ric13/Documents/MiPrimeraChamba/Content/Characters/Mannequins/Rigs/CR_Mannequin_BasicFootIK.uasset" 706
"C:/Users/ric13/Documents/MiPrimeraChamba/Content/Characters/Mannequins/Rigs/CR_Mannequin_BasicFootIK.uexp" 707
"C:/Users/ric13/Documents/MiPrimeraChamba/Content/Characters/Mannequins/Animations/Manny/MM_Run_Fwd.uasset" 708
"C:/Users/ric13/Documents/MiPrimeraChamba/Content/Characters/Mannequins/Animations/Manny/MM_Run_Fwd.uexp" 709
"C:/Users/ric13/Documents/MiPrimeraChamba/Content/Characters/Mannequins/Animations/Manny/MM_Walk_Fwd.uasset" 710
"C:/Users/ric13/Documents/MiPrimeraChamba/Content/Characters/Mannequins/Animations/Manny/MM_Walk_Fwd.uexp" 711
"C:/Users/ric13/Documents/MiPrimeraChamba/Content/Characters/Mannequins/Animations/Manny/BS_MM_WalkRun.uasset" 712
"C:/Users/ric13/Documents/MiPrimeraChamba/Content/Characters/Mannequins/Animations/Manny/BS_MM_WalkRun.uexp" 713
"C:/Users/ric13/Documents/MiPrimeraChamba/Content/Characters/Mannequins/Animations/Manny/MM_Land.uasset" 714
"C:/Users/ric13/Documents/MiPrimeraChamba/Content/Characters/Mannequins/Animations/Manny/MM_Land.uexp" 715
"C:/Users/ric13/Documents/MiPrimeraChamba/Content/Characters/Mannequins/Animations/Manny/MM_Idle.uasset" 716
"C:/Users/ric13/Documents/MiPrimeraChamba/Content/Characters/Mannequins/Animations/Manny/MM_Idle.uexp" 717
"C:/Users/ric13/Documents/MiPrimeraChamba/Content/Characters/Mannequins/Animations/ABP_Manny.uasset" 718
"C:/Users/ric13/Documents/MiPrimeraChamba/Content/Characters/Mannequins/Animations/ABP_Manny.uexp" 719
"C:/Users/ric13/Documents/MiPrimeraChamba/Content/Characters/Mannequins/Animations/ABP_Quinn.uasset" 720
"C:/Users/ric13/Documents/MiPrimeraChamba/Content/Characters/Mannequins/Animations/ABP_Quinn.uexp" 721
"../../../Engine/Content/EditorBlueprintResources/StandardMacros.uasset" 722
"../../../Engine/Content/EditorBlueprintResources/StandardMacros.uexp" 723
"C:/Users/ric13/Documents/MiPrimeraChamba/Content/ThirdPerson/Blueprints/BP_ThirdPersonCharacter.uasset" 724
"C:/Users/ric13/Documents/MiPrimeraChamba/Content/ThirdPerson/Blueprints/BP_ThirdPersonCharacter.uexp" 725
"C:/Users/ric13/Documents/MiPrimeraChamba/Content/ThirdPerson/Blueprints/BP_ThirdPersonGameMode.uasset" 726
"C:/Users/ric13/Documents/MiPrimeraChamba/Content/ThirdPerson/Blueprints/BP_ThirdPersonGameMode.uexp" 727
"C:/Users/ric13/Documents/MiPrimeraChamba/Content/LevelPrototyping/Textures/T_GridChecker_A.ubulk" 728
"C:/Users/ric13/Documents/MiPrimeraChamba/Content/LevelPrototyping/Textures/T_GridChecker_A.uasset" 729
"C:/Users/ric13/Documents/MiPrimeraChamba/Content/LevelPrototyping/Textures/T_GridChecker_A.uexp" 730
"../../../Engine/Content/Functions/Engine_MaterialFunctions02/Utility/MakeFloat3.uasset" 731
"../../../Engine/Content/Functions/Engine_MaterialFunctions02/Utility/MakeFloat3.uexp" 732
"../../../Engine/Content/Functions/Engine_MaterialFunctions01/Gradient/LinearGradient.uasset" 733
"../../../Engine/Content/Functions/Engine_MaterialFunctions01/Gradient/LinearGradient.uexp" 734
"../../../Engine/Content/Functions/Engine_MaterialFunctions01/ImageAdjustment/CheapContrast.uasset" 735
"../../../Engine/Content/Functions/Engine_MaterialFunctions01/ImageAdjustment/CheapContrast.uexp" 736
"C:/Users/ric13/Documents/MiPrimeraChamba/Content/LevelPrototyping/Materials/MF_ProcGrid.uasset" 737
"C:/Users/ric13/Documents/MiPrimeraChamba/Content/LevelPrototyping/Materials/MF_ProcGrid.uexp" 738
"C:/Users/ric13/Documents/MiPrimeraChamba/Content/LevelPrototyping/Materials/M_PrototypeGrid.uasset" 739
"C:/Users/ric13/Documents/MiPrimeraChamba/Content/LevelPrototyping/Materials/M_PrototypeGrid.uexp" 740
"C:/Users/ric13/Documents/MiPrimeraChamba/Content/LevelPrototyping/Materials/MI_PrototypeGrid_Gray.uasset" 741
"C:/Users/ric13/Documents/MiPrimeraChamba/Content/LevelPrototyping/Materials/MI_PrototypeGrid_Gray.uexp" 742
"C:/Users/ric13/Documents/MiPrimeraChamba/Content/LevelPrototyping/Meshes/SM_Ramp.ubulk" 743
"C:/Users/ric13/Documents/MiPrimeraChamba/Content/LevelPrototyping/Meshes/SM_Ramp.uasset" 744
"C:/Users/ric13/Documents/MiPrimeraChamba/Content/LevelPrototyping/Meshes/SM_Ramp.uexp" 745
"C:/Users/ric13/Documents/MiPrimeraChamba/Content/LevelPrototyping/Meshes/SM_QuarterCylinder.ubulk" 746
"C:/Users/ric13/Documents/MiPrimeraChamba/Content/LevelPrototyping/Meshes/SM_QuarterCylinder.uasset" 747
"C:/Users/ric13/Documents/MiPrimeraChamba/Content/LevelPrototyping/Meshes/SM_QuarterCylinder.uexp" 748
"C:/Users/ric13/Documents/MiPrimeraChamba/Content/LevelPrototyping/Meshes/SM_Cube.ubulk" 749
"C:/Users/ric13/Documents/MiPrimeraChamba/Content/LevelPrototyping/Meshes/SM_Cube.uasset" 750
"C:/Users/ric13/Documents/MiPrimeraChamba/Content/LevelPrototyping/Meshes/SM_Cube.uexp" 751
"C:/Users/ric13/Documents/MiPrimeraChamba/Content/LevelPrototyping/Materials/M_Solid.uasset" 752
"C:/Users/ric13/Documents/MiPrimeraChamba/Content/LevelPrototyping/Materials/M_Solid.uexp" 753
"C:/Users/ric13/Documents/MiPrimeraChamba/Content/LevelPrototyping/Materials/MI_Solid_Blue.uasset" 754
"C:/Users/ric13/Documents/MiPrimeraChamba/Content/LevelPrototyping/Materials/MI_Solid_Blue.uexp" 755
"C:/Users/ric13/Documents/MiPrimeraChamba/Content/LevelPrototyping/Meshes/SM_ChamferCube.ubulk" 756
"C:/Users/ric13/Documents/MiPrimeraChamba/Content/LevelPrototyping/Meshes/SM_ChamferCube.uasset" 757
"C:/Users/ric13/Documents/MiPrimeraChamba/Content/LevelPrototyping/Meshes/SM_ChamferCube.uexp" 758
"C:/Users/ric13/Documents/MiPrimeraChamba/Content/LevelPrototyping/Materials/MI_PrototypeGrid_TopDark.uasset" 759
"C:/Users/ric13/Documents/MiPrimeraChamba/Content/LevelPrototyping/Materials/MI_PrototypeGrid_TopDark.uexp" 760
"../../../Engine/Content/Maps/Templates/HLODs/HLODLayer_Merged.uasset" 761
"../../../Engine/Content/Maps/Templates/HLODs/HLODLayer_Merged.uexp" 762
"../../../Engine/Content/Functions/Engine_MaterialFunctions01/Shading/PowerToRoughness.uasset" 763
"../../../Engine/Content/Functions/Engine_MaterialFunctions01/Shading/PowerToRoughness.uexp" 764
"../../../Engine/Content/Functions/Engine_MaterialFunctions01/Shading/ConvertFromDiffSpec.uasset" 765
"../../../Engine/Content/Functions/Engine_MaterialFunctions01/Shading/ConvertFromDiffSpec.uexp" 766
"C:/Users/ric13/Documents/MiPrimeraChamba/Content/_RicardoMonrreal/Materials.uasset" 767
"C:/Users/ric13/Documents/MiPrimeraChamba/Content/_RicardoMonrreal/Materials.uexp" 768
"C:/Users/ric13/Documents/MiPrimeraChamba/Content/_RicardoMonrreal/Objects/Shovel/shovel_Shovel_Metallic.ubulk" 769
"C:/Users/ric13/Documents/MiPrimeraChamba/Content/_RicardoMonrreal/Objects/Shovel/shovel_Shovel_Metallic.uasset" 770
"C:/Users/ric13/Documents/MiPrimeraChamba/Content/_RicardoMonrreal/Objects/Shovel/shovel_Shovel_Metallic.uexp" 771
"C:/Users/ric13/Documents/MiPrimeraChamba/Content/_RicardoMonrreal/Objects/Shovel/shovel_Shovel_BaseColor.ubulk" 772
"C:/Users/ric13/Documents/MiPrimeraChamba/Content/_RicardoMonrreal/Objects/Shovel/shovel_Shovel_BaseColor.uasset" 773
"C:/Users/ric13/Documents/MiPrimeraChamba/Content/_RicardoMonrreal/Objects/Shovel/shovel_Shovel_BaseColor.uexp" 774
"C:/Users/ric13/Documents/MiPrimeraChamba/Content/_RicardoMonrreal/Objects/Shovel/shovel_Shovel_Roughness.ubulk" 775
"C:/Users/ric13/Documents/MiPrimeraChamba/Content/_RicardoMonrreal/Objects/Shovel/shovel_Shovel_Roughness.uasset" 776
"C:/Users/ric13/Documents/MiPrimeraChamba/Content/_RicardoMonrreal/Objects/Shovel/shovel_Shovel_Roughness.uexp" 777
"C:/Users/ric13/Documents/MiPrimeraChamba/Content/_RicardoMonrreal/Objects/Shovel/shovel_Shovel_Normal.ubulk" 778
"C:/Users/ric13/Documents/MiPrimeraChamba/Content/_RicardoMonrreal/Objects/Shovel/shovel_Shovel_Normal.uasset" 779
"C:/Users/ric13/Documents/MiPrimeraChamba/Content/_RicardoMonrreal/Objects/Shovel/shovel_Shovel_Normal.uexp" 780
"C:/Users/ric13/Documents/MiPrimeraChamba/Content/_RicardoMonrreal/Objects/Shovel/Shovel1.uasset" 781
"C:/Users/ric13/Documents/MiPrimeraChamba/Content/_RicardoMonrreal/Objects/Shovel/Shovel1.uexp" 782
"C:/Users/ric13/Documents/MiPrimeraChamba/Content/_RicardoMonrreal/Objects/Shovel/shovel.ubulk" 783
"C:/Users/ric13/Documents/MiPrimeraChamba/Content/_RicardoMonrreal/Objects/Shovel/shovel.uasset" 784
"C:/Users/ric13/Documents/MiPrimeraChamba/Content/_RicardoMonrreal/Objects/Shovel/shovel.uexp" 785
"C:/Users/ric13/Documents/MiPrimeraChamba/Content/_RicardoMonrreal/BPI_Shovel.uasset" 786
"C:/Users/ric13/Documents/MiPrimeraChamba/Content/_RicardoMonrreal/BPI_Shovel.uexp" 787
"C:/Users/ric13/Documents/MiPrimeraChamba/Content/_RicardoMonrreal/Objects/Shovel/BP_Shovel.uasset" 788
"C:/Users/ric13/Documents/MiPrimeraChamba/Content/_RicardoMonrreal/Objects/Shovel/BP_Shovel.uexp" 789
"C:/Users/ric13/Documents/MiPrimeraChamba/Content/_RicardoMonrreal/Objects/sand/hromada_pisek_01_30k_albedo.ubulk" 790
"C:/Users/ric13/Documents/MiPrimeraChamba/Content/_RicardoMonrreal/Objects/sand/hromada_pisek_01_30k_albedo.uasset" 791
"C:/Users/ric13/Documents/MiPrimeraChamba/Content/_RicardoMonrreal/Objects/sand/hromada_pisek_01_30k_albedo.uexp" 792
"C:/Users/ric13/Documents/MiPrimeraChamba/Content/_RicardoMonrreal/Objects/sand/hromada_pisek_01_30k_Material.uasset" 793
"C:/Users/ric13/Documents/MiPrimeraChamba/Content/_RicardoMonrreal/Objects/sand/hromada_pisek_01_30k_Material.uexp" 794
"C:/Users/ric13/Documents/MiPrimeraChamba/Content/_RicardoMonrreal/Objects/sand/hromada_pisek_01_30k_uw.ubulk" 795
"C:/Users/ric13/Documents/MiPrimeraChamba/Content/_RicardoMonrreal/Objects/sand/hromada_pisek_01_30k_uw.uasset" 796
"C:/Users/ric13/Documents/MiPrimeraChamba/Content/_RicardoMonrreal/Objects/sand/hromada_pisek_01_30k_uw.uexp" 797
"C:/Users/ric13/Documents/MiPrimeraChamba/Content/_RicardoMonrreal/Objects/sand/BP_Sand.uasset" 798
"C:/Users/ric13/Documents/MiPrimeraChamba/Content/_RicardoMonrreal/Objects/sand/BP_Sand.uexp" 799
"C:/Users/ric13/Documents/MiPrimeraChamba/Content/_RicardoMonrreal/Objects/mixer/Concrete_Mixer_PhysicsAsset.uasset" 800
"C:/Users/ric13/Documents/MiPrimeraChamba/Content/_RicardoMonrreal/Objects/mixer/Concrete_Mixer_PhysicsAsset.uexp" 801
"C:/Users/ric13/Documents/MiPrimeraChamba/Content/_RicardoMonrreal/Objects/mixer/Material__25.uasset" 802
"C:/Users/ric13/Documents/MiPrimeraChamba/Content/_RicardoMonrreal/Objects/mixer/Material__25.uexp" 803
"C:/Users/ric13/Documents/MiPrimeraChamba/Content/_RicardoMonrreal/Objects/mixer/Concrete_Mixer_Skeleton.uasset" 804
"C:/Users/ric13/Documents/MiPrimeraChamba/Content/_RicardoMonrreal/Objects/mixer/Concrete_Mixer_Skeleton.uexp" 805
"C:/Users/ric13/Documents/MiPrimeraChamba/Content/_RicardoMonrreal/Objects/mixer/Concrete_Mixer.uasset" 806
"C:/Users/ric13/Documents/MiPrimeraChamba/Content/_RicardoMonrreal/Objects/mixer/Concrete_Mixer.uexp" 807
"C:/Users/ric13/Documents/MiPrimeraChamba/Content/_RicardoMonrreal/Objects/mixer/BP_Mixer.uasset" 808
"C:/Users/ric13/Documents/MiPrimeraChamba/Content/_RicardoMonrreal/Objects/mixer/BP_Mixer.uexp" 809
"../../../Engine/Content/Functions/Engine_MaterialFunctions02/Utility/BlendAngleCorrectedNormals.uasset" 810
"../../../Engine/Content/Functions/Engine_MaterialFunctions02/Utility/BlendAngleCorrectedNormals.uexp" 811
"C:/Users/ric13/Documents/MiPrimeraChamba/Content/StarterContent/Textures/T_Detail_Rocky_N.ubulk" 812
"C:/Users/ric13/Documents/MiPrimeraChamba/Content/StarterContent/Textures/T_Detail_Rocky_N.uasset" 813
"C:/Users/ric13/Documents/MiPrimeraChamba/Content/StarterContent/Textures/T_Detail_Rocky_N.uexp" 814
"C:/Users/ric13/Documents/MiPrimeraChamba/Content/StarterContent/Textures/T_Rock_Basalt_D.ubulk" 815
"C:/Users/ric13/Documents/MiPrimeraChamba/Content/StarterContent/Textures/T_Rock_Basalt_D.uasset" 816
"C:/Users/ric13/Documents/MiPrimeraChamba/Content/StarterContent/Textures/T_Rock_Basalt_D.uexp" 817
"C:/Users/ric13/Documents/MiPrimeraChamba/Content/StarterContent/Textures/T_RockMesh_N.ubulk" 818
"C:/Users/ric13/Documents/MiPrimeraChamba/Content/StarterContent/Textures/T_RockMesh_N.uasset" 819
"C:/Users/ric13/Documents/MiPrimeraChamba/Content/StarterContent/Textures/T_RockMesh_N.uexp" 820
"C:/Users/ric13/Documents/MiPrimeraChamba/Content/StarterContent/Textures/T_RockMesh_M.ubulk" 821
"C:/Users/ric13/Documents/MiPrimeraChamba/Content/StarterContent/Textures/T_RockMesh_M.uasset" 822
"C:/Users/ric13/Documents/MiPrimeraChamba/Content/StarterContent/Textures/T_RockMesh_M.uexp" 823
"C:/Users/ric13/Documents/MiPrimeraChamba/Content/StarterContent/Props/Materials/M_Rock.uasset" 824
"C:/Users/ric13/Documents/MiPrimeraChamba/Content/StarterContent/Props/Materials/M_Rock.uexp" 825
"C:/Users/ric13/Documents/MiPrimeraChamba/Content/_RicardoMonrreal/Objects/Grava/BP_Grava.uasset" 826
"C:/Users/ric13/Documents/MiPrimeraChamba/Content/_RicardoMonrreal/Objects/Grava/BP_Grava.uexp" 827
"C:/Users/ric13/Documents/MiPrimeraChamba/Content/_RicardoMonrreal/Objects/Cement/textures/Cement_Bag_Normal.ubulk" 828
"C:/Users/ric13/Documents/MiPrimeraChamba/Content/_RicardoMonrreal/Objects/Cement/textures/Cement_Bag_Normal.uasset" 829
"C:/Users/ric13/Documents/MiPrimeraChamba/Content/_RicardoMonrreal/Objects/Cement/textures/Cement_Bag_Normal.uexp" 830
"C:/Users/ric13/Documents/MiPrimeraChamba/Content/_RicardoMonrreal/Objects/Cement/textures/Cement_Bag_BaseColor.ubulk" 831
"C:/Users/ric13/Documents/MiPrimeraChamba/Content/_RicardoMonrreal/Objects/Cement/textures/Cement_Bag_BaseColor.uasset" 832
"C:/Users/ric13/Documents/MiPrimeraChamba/Content/_RicardoMonrreal/Objects/Cement/textures/Cement_Bag_BaseColor.uexp" 833
"C:/Users/ric13/Documents/MiPrimeraChamba/Content/_RicardoMonrreal/Objects/Cement/textures/Cement_Bag_AO.ubulk" 834
"C:/Users/ric13/Documents/MiPrimeraChamba/Content/_RicardoMonrreal/Objects/Cement/textures/Cement_Bag_AO.uasset" 835
"C:/Users/ric13/Documents/MiPrimeraChamba/Content/_RicardoMonrreal/Objects/Cement/textures/Cement_Bag_AO.uexp" 836
"C:/Users/ric13/Documents/MiPrimeraChamba/Content/_RicardoMonrreal/Objects/Cement/textures/Cement_Bag_Roughness.ubulk" 837
"C:/Users/ric13/Documents/MiPrimeraChamba/Content/_RicardoMonrreal/Objects/Cement/textures/Cement_Bag_Roughness.uasset" 838
"C:/Users/ric13/Documents/MiPrimeraChamba/Content/_RicardoMonrreal/Objects/Cement/textures/Cement_Bag_Roughness.uexp" 839
"C:/Users/ric13/Documents/MiPrimeraChamba/Content/_RicardoMonrreal/Objects/Cement/source/Cement_Bag1.uasset" 840
"C:/Users/ric13/Documents/MiPrimeraChamba/Content/_RicardoMonrreal/Objects/Cement/source/Cement_Bag1.uexp" 841
"C:/Users/ric13/Documents/MiPrimeraChamba/Content/_RicardoMonrreal/Objects/Cement/source/Cement_Bag.ubulk" 842
"C:/Users/ric13/Documents/MiPrimeraChamba/Content/_RicardoMonrreal/Objects/Cement/source/Cement_Bag.uasset" 843
"C:/Users/ric13/Documents/MiPrimeraChamba/Content/_RicardoMonrreal/Objects/Cement/source/Cement_Bag.uexp" 844
"C:/Users/ric13/Documents/MiPrimeraChamba/Content/_RicardoMonrreal/Objects/Cement/source/BP_Cement.uasset" 845
"C:/Users/ric13/Documents/MiPrimeraChamba/Content/_RicardoMonrreal/Objects/Cement/source/BP_Cement.uexp" 846
"../../../Engine/Content/Maps/Entry_BuiltData.uasset" 847
"../../../Engine/Content/Maps/Entry_BuiltData.uexp" 848
"../../../Engine/Content/Maps/Entry.uexp" 849
"../../../Engine/Content/Maps/Entry.umap" 850
"../../../Engine/Content/Maps/Templates/HLODs/HLODLayer_Instanced.uasset" 851
"../../../Engine/Content/Maps/Templates/HLODs/HLODLayer_Instanced.uexp" 852
"C:/Users/ric13/Documents/MiPrimeraChamba/Content/_RicardoMonrreal/BP_test.uasset" 853
"C:/Users/ric13/Documents/MiPrimeraChamba/Content/_RicardoMonrreal/BP_test.uexp" 854
"C:/Users/ric13/Documents/MiPrimeraChamba/Content/ThirdPerson/Maps/ThirdPersonMap.uexp" 855
"C:/Users/ric13/Documents/MiPrimeraChamba/Content/ThirdPerson/Maps/ThirdPersonMap.umap" 856
