[+] Containers:
 |- [+] Container: /Game/ThirdPerson/Maps/ThirdPersonMap
 |   |- [+] ActorDescs:
 |   |   |- Guid:01D04E9F472708A98658A7AA5C624F93 BaseClass: NativeClass:/Script/Engine.StaticMeshActor Name:StaticMeshActor_UAID_FC34979F835A05D301_1955980856 Label:Edificio SpatiallyLoaded:1 Bounds:IsValid=true, Min=(X=2600.000 Y=2249.000 Z=-0.833), Max=(X=5000.000 Y=4649.000 Z=5934.000) RuntimeGrid:None EditorOnly:0 RuntimeOnly:0 HLODRelevant:1
 |   |   |- Guid:053193CE4A5E5E9690FAC28F3A47C612 BaseClass: NativeClass:/Script/Engine.StaticMeshActor Name:StaticMeshActor_UAID_2CF05DD8FFACEAD001_1632008994 Label:casa_1_piso4 SpatiallyLoaded:1 Bounds:IsValid=true, Min=(X=-1792.915 Y=-1875.549 Z=1.148), Max=(X=-967.079 Y=-744.340 Z=667.075) RuntimeGrid:None EditorOnly:0 RuntimeOnly:0 HLODRelevant:1
 |   |   |- Guid:107D3B52429237D28B270DADD8FD5363 BaseClass: NativeClass:/Script/Engine.StaticMeshActor Name:StaticMeshActor_UAID_2CF05DD8FFACEAD001_1786184001 Label:Edificio_02 SpatiallyLoaded:1 Bounds:IsValid=true, Min=(X=2881.432 Y=-3397.629 Z=-0.000), Max=(X=4898.567 Y=-975.923 Z=2438.018) RuntimeGrid:None EditorOnly:0 RuntimeOnly:0 HLODRelevant:1
 |   |   |- Guid:25CE2C5143E960F7B40CF79F4F396C6A BaseClass: NativeClass:/Script/Engine.StaticMeshActor Name:StaticMeshActor_UAID_2CF05DD8FFACEAD001_1684435998 Label:casa_1_piso8 SpatiallyLoaded:1 Bounds:IsValid=true, Min=(X=6427.079 Y=-1075.660 Z=1.148), Max=(X=7252.915 Y=55.549 Z=667.075) RuntimeGrid:None EditorOnly:0 RuntimeOnly:0 HLODRelevant:1
 |   |   |- Guid:2FB58999456391D349DC0F86DAC136ED BaseClass: NativeClass:/Script/Engine.SkyLight Name:SkyLight_1 Label:SkyLight SpatiallyLoaded:0 Bounds:IsValid=true, Min=(X=0.000 Y=0.000 Z=690.000), Max=(X=0.000 Y=0.000 Z=690.000) RuntimeGrid:None EditorOnly:0 RuntimeOnly:0 HLODRelevant:0 FolderPath:Lighting FolderGuid:963EC3EB4002CCE9759E2EBA541A873A
 |   |   |- Guid:316CF2A6494ACA4C0E4180A87D36AB8F BaseClass: NativeClass:/Script/Engine.ExponentialHeightFog Name:ExponentialHeightFog_0 Label:ExponentialHeightFog SpatiallyLoaded:0 Bounds:IsValid=true, Min=(X=-5600.000 Y=-50.000 Z=-6850.000), Max=(X=-5600.000 Y=-50.000 Z=-6850.000) RuntimeGrid:None EditorOnly:0 RuntimeOnly:0 HLODRelevant:0 FolderPath:Lighting FolderGuid:963EC3EB4002CCE9759E2EBA541A873A
 |   |   |- Guid:325342814C95DF39CE12FC870D20CF73 BaseClass: NativeClass:/Script/Engine.StaticMeshActor Name:StaticMeshActor_UAID_2CF05DD8FFACEAD001_1878378006 Label:casa_dos_pisos3 SpatiallyLoaded:1 Bounds:IsValid=true, Min=(X=-1952.915 Y=3854.451 Z=1.148), Max=(X=-1127.079 Y=4985.660 Z=1014.366) RuntimeGrid:None EditorOnly:0 RuntimeOnly:0 HLODRelevant:1
 |   |   |- Guid:345B06E44E55D4EED218EC867DC271E1 BaseClass: NativeClass:/Script/Engine.StaticMeshActor Name:StaticMeshActor_UAID_FC34979F835A09D301_1627776572 Label:Box10 SpatiallyLoaded:1 Bounds:IsValid=true, Min=(X=88.188 Y=575.000 Z=577.000), Max=(X=1353.812 Y=675.000 Z=627.000) RuntimeGrid:None EditorOnly:0 RuntimeOnly:0 HLODRelevant:0
 |   |   |- Guid:37D5A2EB4EE910700DDFA5BF246623F4 BaseClass: NativeClass:/Script/Engine.StaticMeshActor Name:StaticMeshActor_UAID_FC34979F835A07D301_1742115211 Label:Box2 SpatiallyLoaded:1 Bounds:IsValid=true, Min=(X=90.000 Y=-240.000 Z=-25.000), Max=(X=4290.000 Y=-140.000 Z=675.000) RuntimeGrid:None EditorOnly:0 RuntimeOnly:0 HLODRelevant:0
 |   |   |- Guid:3A00AA1C422CE54C0BDB60BAF471BFBB BaseClass: NativeClass:/Script/Engine.PlayerStart Name:PlayerStart_0 Label:PlayerStart SpatiallyLoaded:0 Bounds:IsValid=true, Min=(X=4178.000 Y=3552.000 Z=5699.013), Max=(X=4258.000 Y=3632.000 Z=5883.013) RuntimeGrid:None EditorOnly:0 RuntimeOnly:0 HLODRelevant:0
 |   |   |- Guid:4D3BE93F4146AAAC8BBE79999D96D57F BaseClass: NativeClass:/Script/Engine.VolumetricCloud Name:VolumetricCloud_0 Label:VolumetricCloud SpatiallyLoaded:0 Bounds:IsValid=true, Min=(X=0.000 Y=0.000 Z=820.000), Max=(X=0.000 Y=0.000 Z=820.000) RuntimeGrid:None EditorOnly:0 RuntimeOnly:0 HLODRelevant:0 FolderPath:Lighting FolderGuid:963EC3EB4002CCE9759E2EBA541A873A
 |   |   |- Guid:5B97F4A64FB21F77EFC44386BF705B4C BaseClass: NativeClass:/Script/Engine.TextRenderActor Name:TextRenderActor_1 Label:TextRenderActor SpatiallyLoaded:1 Bounds:IsValid=true, Min=(X=-0.100 Y=1100.000 Z=65.013), Max=(X=-0.100 Y=2392.308 Z=215.013) RuntimeGrid:None EditorOnly:0 RuntimeOnly:0 HLODRelevant:0
 |   |   |- Guid:5BC4BE9440FEAB161FA4C3AF41171DC1 BaseClass: NativeClass:/Script/Engine.StaticMeshActor Name:StaticMeshActor_UAID_2CF05DD8FFACEAD001_1818211003 Label:casa_dos_pisos2 SpatiallyLoaded:1 Bounds:IsValid=true, Min=(X=6094.340 Y=-2322.915 Z=1.148), Max=(X=7225.549 Y=-1497.079 Z=1014.366) RuntimeGrid:None EditorOnly:0 RuntimeOnly:0 HLODRelevant:1
 |   |   |- Guid:626BC143405BBA065A616DBE08DCF296 BaseClass: NativeClass:/Script/Engine.StaticMeshActor Name:StaticMeshActor_UAID_2CF05DD8FFACEAD001_1711643000 Label:Edificio_01 SpatiallyLoaded:1 Bounds:IsValid=true, Min=(X=6429.607 Y=412.418 Z=-0.000), Max=(X=7770.393 Y=2407.582 Z=2081.071) RuntimeGrid:None EditorOnly:0 RuntimeOnly:0 HLODRelevant:1
 |   |   |- Guid:634303A64D992646BD3D8284D988CF38 BaseClass: NativeClass:/Script/Engine.StaticMeshActor Name:StaticMeshActor_UAID_FC34979F835A09D301_1733309573 Label:Box11 SpatiallyLoaded:1 Bounds:IsValid=true, Min=(X=88.188 Y=-139.000 Z=578.000), Max=(X=1353.812 Y=-39.000 Z=628.000) RuntimeGrid:None EditorOnly:0 RuntimeOnly:0 HLODRelevant:0
 |   |   |- Guid:6373D4A541CC41899082BD80FF075E58 BaseClass: NativeClass:/Script/Engine.StaticMeshActor Name:StaticMeshActor_UAID_2CF05DD8FFACEAD001_1639230995 Label:casa_1_piso5 SpatiallyLoaded:1 Bounds:IsValid=true, Min=(X=204.451 Y=6337.079 Z=1.148), Max=(X=1335.660 Y=7162.915 Z=667.075) RuntimeGrid:None EditorOnly:0 RuntimeOnly:0 HLODRelevant:1
 |   |   |- Guid:68F9315D4B5042B67DD3DBA99190A5D1 BaseClass: NativeClass:/Script/Engine.StaticMeshActor Name:StaticMeshActor_UAID_2CF05DD8FFACE3D001_1225591759 Label:casa_1_piso SpatiallyLoaded:1 Bounds:IsValid=true, Min=(X=-1802.915 Y=6044.451 Z=1.148), Max=(X=-977.079 Y=7175.660 Z=667.075) RuntimeGrid:None EditorOnly:0 RuntimeOnly:0 HLODRelevant:1
 |   |   |- Guid:6BAF4DDD444C60371492D3919DB42C97 BaseClass: NativeClass:/Script/Engine.WorldDataLayers Name:WorldDataLayers Label:WorldDataLayers SpatiallyLoaded:0 Bounds:IsValid=true, Min=(X=0.000 Y=0.000 Z=0.000), Max=(X=0.000 Y=0.000 Z=0.000) RuntimeGrid:None EditorOnly:0 RuntimeOnly:0 HLODRelevant:0
 |   |   |- Guid:6CF1931347FAEBB467E93B9FA34DE631 BaseClass: NativeClass:/Script/Engine.StaticMeshActor Name:StaticMeshActor_UAID_2CF05DD8FFACEAD001_1846966005 Label:Edificio_2 SpatiallyLoaded:1 Bounds:IsValid=true, Min=(X=4492.418 Y=6299.607 Z=-0.000), Max=(X=6487.582 Y=7640.393 Z=2081.071) RuntimeGrid:None EditorOnly:0 RuntimeOnly:0 HLODRelevant:1
 |   |   |- Guid:6D7BDDA2457F3988F4159783D521E309 BaseClass: NativeClass:/Script/Engine.StaticMeshActor Name:StaticMeshActor_UAID_2CF05DD8FFACEAD001_1832728004 Label:Edificio_3 SpatiallyLoaded:1 Bounds:IsValid=true, Min=(X=1881.433 Y=5925.923 Z=-0.000), Max=(X=3898.568 Y=8347.629 Z=2438.018) RuntimeGrid:None EditorOnly:0 RuntimeOnly:0 HLODRelevant:1
 |   |   |- Guid:70C7377A4667B7DD5A1BA78A29408C5D BaseClass: NativeClass:/Script/Engine.SpotLight Name:SpotLight_UAID_2CF05DD8FFAC71D201_1946676808 Label:SpotLight SpatiallyLoaded:1 Bounds:IsValid=true, Min=(X=114.918 Y=144.918 Z=-1340.164), Max=(X=1505.082 Y=1535.082 Z=50.000) RuntimeGrid:None EditorOnly:0 RuntimeOnly:0 HLODRelevant:0
 |   |   |- Guid:7BB412A540CAB3410DE655BB12F0A9EB BaseClass: NativeClass:/Script/Engine.StaticMeshActor Name:StaticMeshActor_UAID_2CF05DD8FFACDBCE01_1386883439 Label:SM_ChamferCube157 SpatiallyLoaded:1 Bounds:IsValid=true, Min=(X=1117.602 Y=379.629 Z=94.013), Max=(X=1254.205 Y=516.232 Z=194.013) RuntimeGrid:None EditorOnly:0 RuntimeOnly:0 HLODRelevant:0
 |   |   |- Guid:7D3D505642C28DC3EB0F19BFD3480840 BaseClass: NativeClass:/Script/Engine.StaticMeshActor Name:StaticMeshActor_UAID_FC34979F835A09D301_1523125571 Label:Box9 SpatiallyLoaded:1 Bounds:IsValid=true, Min=(X=1253.000 Y=-230.000 Z=375.000), Max=(X=1353.000 Y=770.000 Z=675.000) RuntimeGrid:None EditorOnly:0 RuntimeOnly:0 HLODRelevant:0
 |   |   |- Guid:848226D149C25A72440798B275FF7B7A BaseClass: NativeClass:/Script/Engine.StaticMeshActor Name:StaticMeshActor_UAID_FC34979F835A09D301_1248535568 Label:Box6 SpatiallyLoaded:1 Bounds:IsValid=true, Min=(X=4290.000 Y=-235.000 Z=-25.000), Max=(X=5590.000 Y=-135.000 Z=675.000) RuntimeGrid:None EditorOnly:0 RuntimeOnly:0 HLODRelevant:0
 |   |   |- Guid:87B7F5914D6047C89F8B7ABEC78D9C56 BaseClass:/Game/_RicardoMonrreal/AI/BP_BasicEnemy.BP_BasicEnemy_C NativeClass:/Script/Engine.Character Name:BP_BasicEnemy_C_UAID_FC34979F835AE5D201_1361158224 Label:BP_BasicEnemy2 SpatiallyLoaded:1 Bounds:IsValid=true, Min=(X=2308.000 Y=1552.000 Z=-10.000), Max=(X=2508.000 Y=1752.000 Z=190.000) RuntimeGrid:None EditorOnly:0 RuntimeOnly:0 HLODRelevant:0
 |   |   |- Guid:93924D984FA8A3830E7ED5A4B827A23E BaseClass: NativeClass:/Script/Engine.StaticMeshActor Name:StaticMeshActor_UAID_FC34979F835A09D301_1799681574 Label:Box12 SpatiallyLoaded:1 Bounds:IsValid=true, Min=(X=88.188 Y=242.000 Z=579.000), Max=(X=1353.812 Y=342.000 Z=629.000) RuntimeGrid:None EditorOnly:0 RuntimeOnly:0 HLODRelevant:0
 |   |   |- Guid:94257D3841EEF4011D73408B62BB40E9 BaseClass: NativeClass:/Script/Engine.StaticMeshActor Name:StaticMeshActor_UAID_FC34979F835A08D301_1763590389 Label:Box4 SpatiallyLoaded:1 Bounds:IsValid=true, Min=(X=-10.000 Y=-240.000 Z=-25.000), Max=(X=90.000 Y=5260.000 Z=675.000) RuntimeGrid:None EditorOnly:0 RuntimeOnly:0 HLODRelevant:0
 |   |   |- Guid:9B305FD84603CE34CA8EDAB842D58C18 BaseClass: NativeClass:/Script/Engine.StaticMeshActor Name:StaticMeshActor_UAID_2CF05DD8FFACEAD001_1802441002 Label:casa_dos_pisos SpatiallyLoaded:1 Bounds:IsValid=true, Min=(X=-245.660 Y=-2202.915 Z=1.148), Max=(X=885.549 Y=-1377.079 Z=1014.366) RuntimeGrid:None EditorOnly:0 RuntimeOnly:0 HLODRelevant:1
 |   |   |- Guid:9F3A5EB64F5DEFCB44F1F19750FCD712 BaseClass: NativeClass:/Script/NavigationSystem.RecastNavMesh Name:RecastNavMesh_UAID_FC34979F835AC7D101-Default Label:RecastNavMesh-Default SpatiallyLoaded:0 Bounds:IsValid=true, Min=(X=0.000 Y=0.000 Z=0.000), Max=(X=0.000 Y=0.000 Z=0.000) RuntimeGrid:None EditorOnly:0 RuntimeOnly:0 HLODRelevant:0
 |   |   |- Guid:A157063549937D53A7FA91B87550442C BaseClass: NativeClass:/Script/Engine.SkeletalMeshActor Name:SkeletalMeshActor_UAID_2CF05DD8FFACDBCE01_2009183442 Label:Joaquin_PhysicsAsset2 SpatiallyLoaded:1 Bounds:IsValid=true, Min=(X=3659.659 Y=4103.032 Z=929.263), Max=(X=3745.784 Y=4144.367 Z=1029.833) RuntimeGrid:None EditorOnly:0 RuntimeOnly:0 HLODRelevant:0
 |   |   |- Guid:B785ED2844B84CFB91E7F39FE661CD99 BaseClass: NativeClass:/Script/Engine.DirectionalLight Name:DirectionalLight_0 Label:DirectionalLight SpatiallyLoaded:0 Bounds:IsValid=true, Min=(X=-4398046511104.000 Y=-4398046511104.000 Z=-4398046511104.000), Max=(X=4398046511104.000 Y=4398046511104.000 Z=4398046511104.000) RuntimeGrid:None EditorOnly:0 RuntimeOnly:0 HLODRelevant:0 FolderPath:Lighting FolderGuid:963EC3EB4002CCE9759E2EBA541A873A
 |   |   |- Guid:C53B09DB416095D6C947DAAEF4CFE253 BaseClass:/Game/_RicardoMonrreal/AI/BP_BasicEnemy.BP_BasicEnemy_C NativeClass:/Script/Engine.Character Name:BP_BasicEnemy_C_UAID_FC34979F835AC9D101_1258680239 Label:BP_BasicEnemy SpatiallyLoaded:1 Bounds:IsValid=true, Min=(X=2307.000 Y=2110.000 Z=-10.000), Max=(X=2507.000 Y=2310.000 Z=190.000) RuntimeGrid:None EditorOnly:0 RuntimeOnly:0 HLODRelevant:0
 |   |   |- Guid:CCFF262C46EEFFDF319E7F9539CE697E BaseClass: NativeClass:/Script/Engine.SkyAtmosphere Name:SkyAtmosphere_0 Label:SkyAtmosphere SpatiallyLoaded:0 Bounds:IsValid=true, Min=(X=0.000 Y=0.000 Z=1020.000), Max=(X=0.000 Y=0.000 Z=1020.000) RuntimeGrid:None EditorOnly:0 RuntimeOnly:0 HLODRelevant:0 FolderPath:Lighting FolderGuid:963EC3EB4002CCE9759E2EBA541A873A
 |   |   |- Guid:D3955DFA47CD0AC45A4894A3E370CE76 BaseClass: NativeClass:/Script/NavigationSystem.NavMeshBoundsVolume Name:NavMeshBoundsVolume_UAID_FC34979F835AC7D101_1499786888 Label:NavMeshBoundsVolume SpatiallyLoaded:0 Bounds:IsValid=true, Min=(X=-1218.540 Y=-254.071 Z=9.410), Max=(X=5748.540 Y=5440.071 Z=6686.590) RuntimeGrid:None EditorOnly:0 RuntimeOnly:0 HLODRelevant:0
 |   |   |- Guid:D42BF8674F6D118369DC5CB55EFFF343 BaseClass: NativeClass:/Script/Engine.StaticMeshActor Name:StaticMeshActor_UAID_FC34979F835A08D301_1778951390 Label:Box5 SpatiallyLoaded:1 Bounds:IsValid=true, Min=(X=1400.000 Y=5160.000 Z=-25.000), Max=(X=5600.000 Y=5260.000 Z=675.000) RuntimeGrid:None EditorOnly:0 RuntimeOnly:0 HLODRelevant:0
 |   |   |- Guid:E473107B4644BBE55B039D850D188416 BaseClass: NativeClass:/Script/Engine.StaticMeshActor Name:StaticMeshActor_UAID_2CF05DD8FFACEAD001_1890680007 Label:Edificio_4 SpatiallyLoaded:1 Bounds:IsValid=true, Min=(X=-2300.393 Y=882.418 Z=-0.000), Max=(X=-959.607 Y=2877.582 Z=2081.071) RuntimeGrid:None EditorOnly:0 RuntimeOnly:0 HLODRelevant:1
 |   |   |- Guid:EC4E0C944CE6AC6E784BC6BB2916EA13 BaseClass: NativeClass:/Script/Engine.StaticMeshActor Name:StaticMeshActor_UAID_A4AE111137DC5EFB00_1110535423 Label:SM_SkySphere SpatiallyLoaded:0 Bounds:IsValid=true, Min=(X=-1638400.000 Y=-1638400.000 Z=-1638400.000), Max=(X=1638400.000 Y=1638400.000 Z=1638400.000) RuntimeGrid:None EditorOnly:0 RuntimeOnly:0 HLODRelevant:1 FolderPath:Lighting FolderGuid:963EC3EB4002CCE9759E2EBA541A873A
 |   |   |- Guid:F0B9677445A96CE7096AE9822D6D40B0 BaseClass: NativeClass:/Script/Engine.StaticMeshActor Name:StaticMeshActor_UAID_FC34979F835A08D301_1283740388 Label:Box3 SpatiallyLoaded:1 Bounds:IsValid=true, Min=(X=5590.000 Y=-245.000 Z=-25.000), Max=(X=5690.000 Y=5255.000 Z=675.000) RuntimeGrid:None EditorOnly:0 RuntimeOnly:0 HLODRelevant:0
 |   |   |- Guid:F1924B8D48954B30891B2DB6A694F9CC BaseClass: NativeClass:/Script/Engine.StaticMeshActor Name:StaticMeshActor_1 Label:SM_Cube SpatiallyLoaded:1 Bounds:IsValid=true, Min=(X=-5077.000 Y=-5614.000 Z=-50.000), Max=(X=9923.000 Y=9386.000 Z=30.000) RuntimeGrid:None EditorOnly:0 RuntimeOnly:0 HLODRelevant:1 FolderPath:Playground FolderGuid:C73F09FC4215536B1DCE2A9E0A830C70
 |   |   |- Guid:F3534F99457958498F8DA1BD8279F744 BaseClass: NativeClass:/Script/Engine.StaticMeshActor Name:StaticMeshActor_UAID_2CF05DD8FFACEAD001_1691781999 Label:casa_1_piso9 SpatiallyLoaded:1 Bounds:IsValid=true, Min=(X=1594.340 Y=-2252.915 Z=1.148), Max=(X=2725.549 Y=-1427.079 Z=667.075) RuntimeGrid:None EditorOnly:0 RuntimeOnly:0 HLODRelevant:1
 |   |   |- Guid:F51F6A714E835C6A549E07975112F92C BaseClass: NativeClass:/Script/Engine.StaticMeshActor Name:StaticMeshActor_UAID_FC34979F835A09D301_1425225570 Label:Box8 SpatiallyLoaded:1 Bounds:IsValid=true, Min=(X=87.188 Y=675.000 Z=-25.000), Max=(X=1352.812 Y=775.000 Z=675.000) RuntimeGrid:None EditorOnly:0 RuntimeOnly:0 HLODRelevant:0
 |   |   |- Guid:F5E3FEB3450C49844FD93DA8E083C8AD BaseClass: NativeClass:/Script/Engine.PostProcessVolume Name:PostProcessVolume_0 Label:PostProcessVolume SpatiallyLoaded:0 Bounds:IsValid=true, Min=(X=0.000 Y=0.000 Z=400.000), Max=(X=200.000 Y=200.000 Z=600.000) RuntimeGrid:None EditorOnly:0 RuntimeOnly:0 HLODRelevant:0 FolderPath:Lighting FolderGuid:963EC3EB4002CCE9759E2EBA541A873A
 |   |   |- Guid:F941A1F14D5B9F7AFF1AC8A8979242C4 BaseClass: NativeClass:/Script/Engine.StaticMeshActor Name:StaticMeshActor_UAID_2CF05DD8FFACEAD001_1666036997 Label:casa_1_piso7 SpatiallyLoaded:1 Bounds:IsValid=true, Min=(X=6457.079 Y=3544.340 Z=1.148), Max=(X=7282.915 Y=4675.549 Z=667.075) RuntimeGrid:None EditorOnly:0 RuntimeOnly:0 HLODRelevant:1
 |   |   |- Guid:FBEBAD704008F0AF67B68E8AB12C247D BaseClass: NativeClass:/Script/Engine.StaticMeshActor Name:StaticMeshActor_UAID_FC34979F835A09D301_1362785569 Label:Box7 SpatiallyLoaded:1 Bounds:IsValid=true, Min=(X=90.000 Y=5165.000 Z=-25.000), Max=(X=1390.000 Y=5265.000 Z=675.000) RuntimeGrid:None EditorOnly:0 RuntimeOnly:0 HLODRelevant:0
 |   |- [+] Clusters:
 |   |   |- [+] [  0]
 |   |   |   |- Guid:6BAF4DDD444C60371492D3919DB42C97 BaseClass: NativeClass:/Script/Engine.WorldDataLayers Name:WorldDataLayers Label:WorldDataLayers SpatiallyLoaded:0 Bounds:IsValid=true, Min=(X=0.000 Y=0.000 Z=0.000), Max=(X=0.000 Y=0.000 Z=0.000) RuntimeGrid:None EditorOnly:0 RuntimeOnly:0 HLODRelevant:0
 |   |   |- [+] [  1]
 |   |   |   |- Guid:F5E3FEB3450C49844FD93DA8E083C8AD BaseClass: NativeClass:/Script/Engine.PostProcessVolume Name:PostProcessVolume_0 Label:PostProcessVolume SpatiallyLoaded:0 Bounds:IsValid=true, Min=(X=0.000 Y=0.000 Z=400.000), Max=(X=200.000 Y=200.000 Z=600.000) RuntimeGrid:None EditorOnly:0 RuntimeOnly:0 HLODRelevant:0 FolderPath:Lighting FolderGuid:963EC3EB4002CCE9759E2EBA541A873A
 |   |   |- [+] [  2]
 |   |   |   |- Guid:F0B9677445A96CE7096AE9822D6D40B0 BaseClass: NativeClass:/Script/Engine.StaticMeshActor Name:StaticMeshActor_UAID_FC34979F835A08D301_1283740388 Label:Box3 SpatiallyLoaded:1 Bounds:IsValid=true, Min=(X=5590.000 Y=-245.000 Z=-25.000), Max=(X=5690.000 Y=5255.000 Z=675.000) RuntimeGrid:None EditorOnly:0 RuntimeOnly:0 HLODRelevant:0
 |   |   |- [+] [  3]
 |   |   |   |- Guid:A157063549937D53A7FA91B87550442C BaseClass: NativeClass:/Script/Engine.SkeletalMeshActor Name:SkeletalMeshActor_UAID_2CF05DD8FFACDBCE01_2009183442 Label:Joaquin_PhysicsAsset2 SpatiallyLoaded:1 Bounds:IsValid=true, Min=(X=3659.659 Y=4103.032 Z=929.263), Max=(X=3745.784 Y=4144.367 Z=1029.833) RuntimeGrid:None EditorOnly:0 RuntimeOnly:0 HLODRelevant:0
 |   |   |- [+] [  4]
 |   |   |   |- Guid:5B97F4A64FB21F77EFC44386BF705B4C BaseClass: NativeClass:/Script/Engine.TextRenderActor Name:TextRenderActor_1 Label:TextRenderActor SpatiallyLoaded:1 Bounds:IsValid=true, Min=(X=-0.100 Y=1100.000 Z=65.013), Max=(X=-0.100 Y=2392.308 Z=215.013) RuntimeGrid:None EditorOnly:0 RuntimeOnly:0 HLODRelevant:0
 |   |   |- [+] [  5]
 |   |   |   |- Guid:25CE2C5143E960F7B40CF79F4F396C6A BaseClass: NativeClass:/Script/Engine.StaticMeshActor Name:StaticMeshActor_UAID_2CF05DD8FFACEAD001_1684435998 Label:casa_1_piso8 SpatiallyLoaded:1 Bounds:IsValid=true, Min=(X=6427.079 Y=-1075.660 Z=1.148), Max=(X=7252.915 Y=55.549 Z=667.075) RuntimeGrid:None EditorOnly:0 RuntimeOnly:0 HLODRelevant:1
 |   |   |- [+] [  6]
 |   |   |   |- Guid:E473107B4644BBE55B039D850D188416 BaseClass: NativeClass:/Script/Engine.StaticMeshActor Name:StaticMeshActor_UAID_2CF05DD8FFACEAD001_1890680007 Label:Edificio_4 SpatiallyLoaded:1 Bounds:IsValid=true, Min=(X=-2300.393 Y=882.418 Z=-0.000), Max=(X=-959.607 Y=2877.582 Z=2081.071) RuntimeGrid:None EditorOnly:0 RuntimeOnly:0 HLODRelevant:1
 |   |   |- [+] [  7]
 |   |   |   |- Guid:626BC143405BBA065A616DBE08DCF296 BaseClass: NativeClass:/Script/Engine.StaticMeshActor Name:StaticMeshActor_UAID_2CF05DD8FFACEAD001_1711643000 Label:Edificio_01 SpatiallyLoaded:1 Bounds:IsValid=true, Min=(X=6429.607 Y=412.418 Z=-0.000), Max=(X=7770.393 Y=2407.582 Z=2081.071) RuntimeGrid:None EditorOnly:0 RuntimeOnly:0 HLODRelevant:1
 |   |   |- [+] [  8]
 |   |   |   |- Guid:F3534F99457958498F8DA1BD8279F744 BaseClass: NativeClass:/Script/Engine.StaticMeshActor Name:StaticMeshActor_UAID_2CF05DD8FFACEAD001_1691781999 Label:casa_1_piso9 SpatiallyLoaded:1 Bounds:IsValid=true, Min=(X=1594.340 Y=-2252.915 Z=1.148), Max=(X=2725.549 Y=-1427.079 Z=667.075) RuntimeGrid:None EditorOnly:0 RuntimeOnly:0 HLODRelevant:1
 |   |   |- [+] [  9]
 |   |   |   |- Guid:68F9315D4B5042B67DD3DBA99190A5D1 BaseClass: NativeClass:/Script/Engine.StaticMeshActor Name:StaticMeshActor_UAID_2CF05DD8FFACE3D001_1225591759 Label:casa_1_piso SpatiallyLoaded:1 Bounds:IsValid=true, Min=(X=-1802.915 Y=6044.451 Z=1.148), Max=(X=-977.079 Y=7175.660 Z=667.075) RuntimeGrid:None EditorOnly:0 RuntimeOnly:0 HLODRelevant:1
 |   |   |- [+] [ 10]
 |   |   |   |- Guid:4D3BE93F4146AAAC8BBE79999D96D57F BaseClass: NativeClass:/Script/Engine.VolumetricCloud Name:VolumetricCloud_0 Label:VolumetricCloud SpatiallyLoaded:0 Bounds:IsValid=true, Min=(X=0.000 Y=0.000 Z=820.000), Max=(X=0.000 Y=0.000 Z=820.000) RuntimeGrid:None EditorOnly:0 RuntimeOnly:0 HLODRelevant:0 FolderPath:Lighting FolderGuid:963EC3EB4002CCE9759E2EBA541A873A
 |   |   |- [+] [ 11]
 |   |   |   |- Guid:9B305FD84603CE34CA8EDAB842D58C18 BaseClass: NativeClass:/Script/Engine.StaticMeshActor Name:StaticMeshActor_UAID_2CF05DD8FFACEAD001_1802441002 Label:casa_dos_pisos SpatiallyLoaded:1 Bounds:IsValid=true, Min=(X=-245.660 Y=-2202.915 Z=1.148), Max=(X=885.549 Y=-1377.079 Z=1014.366) RuntimeGrid:None EditorOnly:0 RuntimeOnly:0 HLODRelevant:1
 |   |   |- [+] [ 12]
 |   |   |   |- Guid:CCFF262C46EEFFDF319E7F9539CE697E BaseClass: NativeClass:/Script/Engine.SkyAtmosphere Name:SkyAtmosphere_0 Label:SkyAtmosphere SpatiallyLoaded:0 Bounds:IsValid=true, Min=(X=0.000 Y=0.000 Z=1020.000), Max=(X=0.000 Y=0.000 Z=1020.000) RuntimeGrid:None EditorOnly:0 RuntimeOnly:0 HLODRelevant:0 FolderPath:Lighting FolderGuid:963EC3EB4002CCE9759E2EBA541A873A
 |   |   |- [+] [ 13]
 |   |   |   |- Guid:EC4E0C944CE6AC6E784BC6BB2916EA13 BaseClass: NativeClass:/Script/Engine.StaticMeshActor Name:StaticMeshActor_UAID_A4AE111137DC5EFB00_1110535423 Label:SM_SkySphere SpatiallyLoaded:0 Bounds:IsValid=true, Min=(X=-1638400.000 Y=-1638400.000 Z=-1638400.000), Max=(X=1638400.000 Y=1638400.000 Z=1638400.000) RuntimeGrid:None EditorOnly:0 RuntimeOnly:0 HLODRelevant:1 FolderPath:Lighting FolderGuid:963EC3EB4002CCE9759E2EBA541A873A
 |   |   |- [+] [ 14]
 |   |   |   |- Guid:B785ED2844B84CFB91E7F39FE661CD99 BaseClass: NativeClass:/Script/Engine.DirectionalLight Name:DirectionalLight_0 Label:DirectionalLight SpatiallyLoaded:0 Bounds:IsValid=true, Min=(X=-4398046511104.000 Y=-4398046511104.000 Z=-4398046511104.000), Max=(X=4398046511104.000 Y=4398046511104.000 Z=4398046511104.000) RuntimeGrid:None EditorOnly:0 RuntimeOnly:0 HLODRelevant:0 FolderPath:Lighting FolderGuid:963EC3EB4002CCE9759E2EBA541A873A
 |   |   |- [+] [ 15]
 |   |   |   |- Guid:D3955DFA47CD0AC45A4894A3E370CE76 BaseClass: NativeClass:/Script/NavigationSystem.NavMeshBoundsVolume Name:NavMeshBoundsVolume_UAID_FC34979F835AC7D101_1499786888 Label:NavMeshBoundsVolume SpatiallyLoaded:0 Bounds:IsValid=true, Min=(X=-1218.540 Y=-254.071 Z=9.410), Max=(X=5748.540 Y=5440.071 Z=6686.590) RuntimeGrid:None EditorOnly:0 RuntimeOnly:0 HLODRelevant:0
 |   |   |- [+] [ 16]
 |   |   |   |- Guid:325342814C95DF39CE12FC870D20CF73 BaseClass: NativeClass:/Script/Engine.StaticMeshActor Name:StaticMeshActor_UAID_2CF05DD8FFACEAD001_1878378006 Label:casa_dos_pisos3 SpatiallyLoaded:1 Bounds:IsValid=true, Min=(X=-1952.915 Y=3854.451 Z=1.148), Max=(X=-1127.079 Y=4985.660 Z=1014.366) RuntimeGrid:None EditorOnly:0 RuntimeOnly:0 HLODRelevant:1
 |   |   |- [+] [ 17]
 |   |   |   |- Guid:316CF2A6494ACA4C0E4180A87D36AB8F BaseClass: NativeClass:/Script/Engine.ExponentialHeightFog Name:ExponentialHeightFog_0 Label:ExponentialHeightFog SpatiallyLoaded:0 Bounds:IsValid=true, Min=(X=-5600.000 Y=-50.000 Z=-6850.000), Max=(X=-5600.000 Y=-50.000 Z=-6850.000) RuntimeGrid:None EditorOnly:0 RuntimeOnly:0 HLODRelevant:0 FolderPath:Lighting FolderGuid:963EC3EB4002CCE9759E2EBA541A873A
 |   |   |- [+] [ 18]
 |   |   |   |- Guid:37D5A2EB4EE910700DDFA5BF246623F4 BaseClass: NativeClass:/Script/Engine.StaticMeshActor Name:StaticMeshActor_UAID_FC34979F835A07D301_1742115211 Label:Box2 SpatiallyLoaded:1 Bounds:IsValid=true, Min=(X=90.000 Y=-240.000 Z=-25.000), Max=(X=4290.000 Y=-140.000 Z=675.000) RuntimeGrid:None EditorOnly:0 RuntimeOnly:0 HLODRelevant:0
 |   |   |- [+] [ 19]
 |   |   |   |- Guid:70C7377A4667B7DD5A1BA78A29408C5D BaseClass: NativeClass:/Script/Engine.SpotLight Name:SpotLight_UAID_2CF05DD8FFAC71D201_1946676808 Label:SpotLight SpatiallyLoaded:1 Bounds:IsValid=true, Min=(X=114.918 Y=144.918 Z=-1340.164), Max=(X=1505.082 Y=1535.082 Z=50.000) RuntimeGrid:None EditorOnly:0 RuntimeOnly:0 HLODRelevant:0
 |   |   |- [+] [ 20]
 |   |   |   |- Guid:F1924B8D48954B30891B2DB6A694F9CC BaseClass: NativeClass:/Script/Engine.StaticMeshActor Name:StaticMeshActor_1 Label:SM_Cube SpatiallyLoaded:1 Bounds:IsValid=true, Min=(X=-5077.000 Y=-5614.000 Z=-50.000), Max=(X=9923.000 Y=9386.000 Z=30.000) RuntimeGrid:None EditorOnly:0 RuntimeOnly:0 HLODRelevant:1 FolderPath:Playground FolderGuid:C73F09FC4215536B1DCE2A9E0A830C70
 |   |   |- [+] [ 21]
 |   |   |   |- Guid:5BC4BE9440FEAB161FA4C3AF41171DC1 BaseClass: NativeClass:/Script/Engine.StaticMeshActor Name:StaticMeshActor_UAID_2CF05DD8FFACEAD001_1818211003 Label:casa_dos_pisos2 SpatiallyLoaded:1 Bounds:IsValid=true, Min=(X=6094.340 Y=-2322.915 Z=1.148), Max=(X=7225.549 Y=-1497.079 Z=1014.366) RuntimeGrid:None EditorOnly:0 RuntimeOnly:0 HLODRelevant:1
 |   |   |- [+] [ 22]
 |   |   |   |- Guid:7BB412A540CAB3410DE655BB12F0A9EB BaseClass: NativeClass:/Script/Engine.StaticMeshActor Name:StaticMeshActor_UAID_2CF05DD8FFACDBCE01_1386883439 Label:SM_ChamferCube157 SpatiallyLoaded:1 Bounds:IsValid=true, Min=(X=1117.602 Y=379.629 Z=94.013), Max=(X=1254.205 Y=516.232 Z=194.013) RuntimeGrid:None EditorOnly:0 RuntimeOnly:0 HLODRelevant:0
 |   |   |- [+] [ 23]
 |   |   |   |- Guid:6373D4A541CC41899082BD80FF075E58 BaseClass: NativeClass:/Script/Engine.StaticMeshActor Name:StaticMeshActor_UAID_2CF05DD8FFACEAD001_1639230995 Label:casa_1_piso5 SpatiallyLoaded:1 Bounds:IsValid=true, Min=(X=204.451 Y=6337.079 Z=1.148), Max=(X=1335.660 Y=7162.915 Z=667.075) RuntimeGrid:None EditorOnly:0 RuntimeOnly:0 HLODRelevant:1
 |   |   |- [+] [ 24]
 |   |   |   |- Guid:2FB58999456391D349DC0F86DAC136ED BaseClass: NativeClass:/Script/Engine.SkyLight Name:SkyLight_1 Label:SkyLight SpatiallyLoaded:0 Bounds:IsValid=true, Min=(X=0.000 Y=0.000 Z=690.000), Max=(X=0.000 Y=0.000 Z=690.000) RuntimeGrid:None EditorOnly:0 RuntimeOnly:0 HLODRelevant:0 FolderPath:Lighting FolderGuid:963EC3EB4002CCE9759E2EBA541A873A
 |   |   |- [+] [ 25]
 |   |   |   |- Guid:053193CE4A5E5E9690FAC28F3A47C612 BaseClass: NativeClass:/Script/Engine.StaticMeshActor Name:StaticMeshActor_UAID_2CF05DD8FFACEAD001_1632008994 Label:casa_1_piso4 SpatiallyLoaded:1 Bounds:IsValid=true, Min=(X=-1792.915 Y=-1875.549 Z=1.148), Max=(X=-967.079 Y=-744.340 Z=667.075) RuntimeGrid:None EditorOnly:0 RuntimeOnly:0 HLODRelevant:1
 |   |   |- [+] [ 26]
 |   |   |   |- Guid:9F3A5EB64F5DEFCB44F1F19750FCD712 BaseClass: NativeClass:/Script/NavigationSystem.RecastNavMesh Name:RecastNavMesh_UAID_FC34979F835AC7D101-Default Label:RecastNavMesh-Default SpatiallyLoaded:0 Bounds:IsValid=true, Min=(X=0.000 Y=0.000 Z=0.000), Max=(X=0.000 Y=0.000 Z=0.000) RuntimeGrid:None EditorOnly:0 RuntimeOnly:0 HLODRelevant:0
 |   |   |- [+] [ 27]
 |   |   |   |- Guid:87B7F5914D6047C89F8B7ABEC78D9C56 BaseClass:/Game/_RicardoMonrreal/AI/BP_BasicEnemy.BP_BasicEnemy_C NativeClass:/Script/Engine.Character Name:BP_BasicEnemy_C_UAID_FC34979F835AE5D201_1361158224 Label:BP_BasicEnemy2 SpatiallyLoaded:1 Bounds:IsValid=true, Min=(X=2308.000 Y=1552.000 Z=-10.000), Max=(X=2508.000 Y=1752.000 Z=190.000) RuntimeGrid:None EditorOnly:0 RuntimeOnly:0 HLODRelevant:0
 |   |   |- [+] [ 28]
 |   |   |   |- Guid:6D7BDDA2457F3988F4159783D521E309 BaseClass: NativeClass:/Script/Engine.StaticMeshActor Name:StaticMeshActor_UAID_2CF05DD8FFACEAD001_1832728004 Label:Edificio_3 SpatiallyLoaded:1 Bounds:IsValid=true, Min=(X=1881.433 Y=5925.923 Z=-0.000), Max=(X=3898.568 Y=8347.629 Z=2438.018) RuntimeGrid:None EditorOnly:0 RuntimeOnly:0 HLODRelevant:1
 |   |   |- [+] [ 29]
 |   |   |   |- Guid:107D3B52429237D28B270DADD8FD5363 BaseClass: NativeClass:/Script/Engine.StaticMeshActor Name:StaticMeshActor_UAID_2CF05DD8FFACEAD001_1786184001 Label:Edificio_02 SpatiallyLoaded:1 Bounds:IsValid=true, Min=(X=2881.432 Y=-3397.629 Z=-0.000), Max=(X=4898.567 Y=-975.923 Z=2438.018) RuntimeGrid:None EditorOnly:0 RuntimeOnly:0 HLODRelevant:1
 |   |   |- [+] [ 30]
 |   |   |   |- Guid:F941A1F14D5B9F7AFF1AC8A8979242C4 BaseClass: NativeClass:/Script/Engine.StaticMeshActor Name:StaticMeshActor_UAID_2CF05DD8FFACEAD001_1666036997 Label:casa_1_piso7 SpatiallyLoaded:1 Bounds:IsValid=true, Min=(X=6457.079 Y=3544.340 Z=1.148), Max=(X=7282.915 Y=4675.549 Z=667.075) RuntimeGrid:None EditorOnly:0 RuntimeOnly:0 HLODRelevant:1
 |   |   |- [+] [ 31]
 |   |   |   |- Guid:6CF1931347FAEBB467E93B9FA34DE631 BaseClass: NativeClass:/Script/Engine.StaticMeshActor Name:StaticMeshActor_UAID_2CF05DD8FFACEAD001_1846966005 Label:Edificio_2 SpatiallyLoaded:1 Bounds:IsValid=true, Min=(X=4492.418 Y=6299.607 Z=-0.000), Max=(X=6487.582 Y=7640.393 Z=2081.071) RuntimeGrid:None EditorOnly:0 RuntimeOnly:0 HLODRelevant:1
 |   |   |- [+] [ 32]
 |   |   |   |- Guid:3A00AA1C422CE54C0BDB60BAF471BFBB BaseClass: NativeClass:/Script/Engine.PlayerStart Name:PlayerStart_0 Label:PlayerStart SpatiallyLoaded:0 Bounds:IsValid=true, Min=(X=4178.000 Y=3552.000 Z=5699.013), Max=(X=4258.000 Y=3632.000 Z=5883.013) RuntimeGrid:None EditorOnly:0 RuntimeOnly:0 HLODRelevant:0
 |   |   |- [+] [ 33]
 |   |   |   |- Guid:C53B09DB416095D6C947DAAEF4CFE253 BaseClass:/Game/_RicardoMonrreal/AI/BP_BasicEnemy.BP_BasicEnemy_C NativeClass:/Script/Engine.Character Name:BP_BasicEnemy_C_UAID_FC34979F835AC9D101_1258680239 Label:BP_BasicEnemy SpatiallyLoaded:1 Bounds:IsValid=true, Min=(X=2307.000 Y=2110.000 Z=-10.000), Max=(X=2507.000 Y=2310.000 Z=190.000) RuntimeGrid:None EditorOnly:0 RuntimeOnly:0 HLODRelevant:0
 |   |   |- [+] [ 34]
 |   |   |   |- Guid:FBEBAD704008F0AF67B68E8AB12C247D BaseClass: NativeClass:/Script/Engine.StaticMeshActor Name:StaticMeshActor_UAID_FC34979F835A09D301_1362785569 Label:Box7 SpatiallyLoaded:1 Bounds:IsValid=true, Min=(X=90.000 Y=5165.000 Z=-25.000), Max=(X=1390.000 Y=5265.000 Z=675.000) RuntimeGrid:None EditorOnly:0 RuntimeOnly:0 HLODRelevant:0
 |   |   |- [+] [ 35]
 |   |   |   |- Guid:848226D149C25A72440798B275FF7B7A BaseClass: NativeClass:/Script/Engine.StaticMeshActor Name:StaticMeshActor_UAID_FC34979F835A09D301_1248535568 Label:Box6 SpatiallyLoaded:1 Bounds:IsValid=true, Min=(X=4290.000 Y=-235.000 Z=-25.000), Max=(X=5590.000 Y=-135.000 Z=675.000) RuntimeGrid:None EditorOnly:0 RuntimeOnly:0 HLODRelevant:0
 |   |   |- [+] [ 36]
 |   |   |   |- Guid:D42BF8674F6D118369DC5CB55EFFF343 BaseClass: NativeClass:/Script/Engine.StaticMeshActor Name:StaticMeshActor_UAID_FC34979F835A08D301_1778951390 Label:Box5 SpatiallyLoaded:1 Bounds:IsValid=true, Min=(X=1400.000 Y=5160.000 Z=-25.000), Max=(X=5600.000 Y=5260.000 Z=675.000) RuntimeGrid:None EditorOnly:0 RuntimeOnly:0 HLODRelevant:0
 |   |   |- [+] [ 37]
 |   |   |   |- Guid:94257D3841EEF4011D73408B62BB40E9 BaseClass: NativeClass:/Script/Engine.StaticMeshActor Name:StaticMeshActor_UAID_FC34979F835A08D301_1763590389 Label:Box4 SpatiallyLoaded:1 Bounds:IsValid=true, Min=(X=-10.000 Y=-240.000 Z=-25.000), Max=(X=90.000 Y=5260.000 Z=675.000) RuntimeGrid:None EditorOnly:0 RuntimeOnly:0 HLODRelevant:0
 |   |   |- [+] [ 38]
 |   |   |   |- Guid:01D04E9F472708A98658A7AA5C624F93 BaseClass: NativeClass:/Script/Engine.StaticMeshActor Name:StaticMeshActor_UAID_FC34979F835A05D301_1955980856 Label:Edificio SpatiallyLoaded:1 Bounds:IsValid=true, Min=(X=2600.000 Y=2249.000 Z=-0.833), Max=(X=5000.000 Y=4649.000 Z=5934.000) RuntimeGrid:None EditorOnly:0 RuntimeOnly:0 HLODRelevant:1
 |   |   |- [+] [ 39]
 |   |   |   |- Guid:F51F6A714E835C6A549E07975112F92C BaseClass: NativeClass:/Script/Engine.StaticMeshActor Name:StaticMeshActor_UAID_FC34979F835A09D301_1425225570 Label:Box8 SpatiallyLoaded:1 Bounds:IsValid=true, Min=(X=87.188 Y=675.000 Z=-25.000), Max=(X=1352.812 Y=775.000 Z=675.000) RuntimeGrid:None EditorOnly:0 RuntimeOnly:0 HLODRelevant:0
 |   |   |- [+] [ 40]
 |   |   |   |- Guid:7D3D505642C28DC3EB0F19BFD3480840 BaseClass: NativeClass:/Script/Engine.StaticMeshActor Name:StaticMeshActor_UAID_FC34979F835A09D301_1523125571 Label:Box9 SpatiallyLoaded:1 Bounds:IsValid=true, Min=(X=1253.000 Y=-230.000 Z=375.000), Max=(X=1353.000 Y=770.000 Z=675.000) RuntimeGrid:None EditorOnly:0 RuntimeOnly:0 HLODRelevant:0
 |   |   |- [+] [ 41]
 |   |   |   |- Guid:345B06E44E55D4EED218EC867DC271E1 BaseClass: NativeClass:/Script/Engine.StaticMeshActor Name:StaticMeshActor_UAID_FC34979F835A09D301_1627776572 Label:Box10 SpatiallyLoaded:1 Bounds:IsValid=true, Min=(X=88.188 Y=575.000 Z=577.000), Max=(X=1353.812 Y=675.000 Z=627.000) RuntimeGrid:None EditorOnly:0 RuntimeOnly:0 HLODRelevant:0
 |   |   |- [+] [ 42]
 |   |   |   |- Guid:634303A64D992646BD3D8284D988CF38 BaseClass: NativeClass:/Script/Engine.StaticMeshActor Name:StaticMeshActor_UAID_FC34979F835A09D301_1733309573 Label:Box11 SpatiallyLoaded:1 Bounds:IsValid=true, Min=(X=88.188 Y=-139.000 Z=578.000), Max=(X=1353.812 Y=-39.000 Z=628.000) RuntimeGrid:None EditorOnly:0 RuntimeOnly:0 HLODRelevant:0
 |   |   |- [+] [ 43]
 |   |   |   |- Guid:93924D984FA8A3830E7ED5A4B827A23E BaseClass: NativeClass:/Script/Engine.StaticMeshActor Name:StaticMeshActor_UAID_FC34979F835A09D301_1799681574 Label:Box12 SpatiallyLoaded:1 Bounds:IsValid=true, Min=(X=88.188 Y=242.000 Z=579.000), Max=(X=1353.812 Y=342.000 Z=629.000) RuntimeGrid:None EditorOnly:0 RuntimeOnly:0 HLODRelevant:0
 |- ContainerInstances:
 |- [+] MainContainer:
 |   |-        ID: 0x0000000000000000
 |   |-    Bounds: IsValid=false, Min=(X=0.000 Y=0.000 Z=0.000), Max=(X=0.000 Y=0.000 Z=0.000)
 |   |- Transform: 0.000000,0.000000,0.000000|0.000000,0.000000,-0.000000|1.000000,1.000000,1.000000
 |   |- Container: /Game/ThirdPerson/Maps/ThirdPersonMap
----------------------------------------------------------------------------------------------------------------
ThirdPersonMap - Persistent Level
----------------------------------------------------------------------------------------------------------------
Always loaded Actor Count: 51 

----------------------------------------------------------------------------------------------------------------
ThirdPersonMap - Runtime Spatial Hash - Streaming Grid - MainGrid
----------------------------------------------------------------------------------------------------------------
            Origin: X=0.000 Y=0.000 Z=0.000
         Cell Size: 12800
      World Bounds: IsValid=false, Min=(X=0.000 Y=0.000 Z=0.000), Max=(X=0.000 Y=0.000 Z=0.000)
     Loading Range: 25600.00
Block Slow Loading: No
 ClientOnlyVisible: No

[+] Grid Levels: 1
 |- Level  0: Cell Count    0 | Cell Size   12800 | Actor Count    0 (0.0%)

[+] Content of Grid Level 0

